Cadence Genus(TM) Synthesis Solution.
Copyright 2020 Cadence Design Systems, Inc. All rights reserved worldwide.
Cadence and the Cadence logo are registered trademarks and Genus is a trademark
of Cadence Design Systems, Inc. in the United States and other countries.

Version: 19.14-s108_1, built Tue Jul 07 08:22:44 PDT 2020
Options: -no_gui 
Date:    Fri Dec 06 10:08:24 2024
Host:    fatima.novalocal (x86_64 w/Linux 3.10.0-1160.99.1.el7.x86_64) (1core*4cpus*4physical cpus*Intel(R) Xeon(R) CPU E5-2630 v3 @ 2.40GHz 16384KB) (16265948KB)
PID:     10857
OS:      CentOS Linux release 7.9.2009 (Core)

Checking out license: Genus_Synthesis

Loading tool scripts...

Finished loading tool scripts (8 seconds elapsed).

WARNING: This version of the tool is 1612 days old.
@genus:root: 1> source synth.tcl
Sourcing './synth.tcl' (Fri Dec 06 10:08:55 WET 2024)...
#@ Begin verbose source synth.tcl
@file(synth.tcl) 1: source ./synth_initial.tcl
Sourcing './synth_initial.tcl' (Fri Dec 06 10:08:55 WET 2024)...
#@ Begin verbose source synth_initial.tcl
@file(synth_initial.tcl) 4: set DIG_DIR "~/DIGITAL"
@file(synth_initial.tcl) 5: set RTL_DIR "$DIG_DIR/SIMULATION/COUNTER4BIT/src"
@file(synth_initial.tcl) 6: set LIB_DIR "/opt/ic_tools/pdk/faraday/umc130/HS/fsc0h_d/2009Q1v3.0/GENERIC_CORE/FrontEnd/synopsys"
@file(synth_initial.tcl) 7: set script_dir "$DIG_DIR/SYNTHESIS/COUNTER4BIT"
@file(synth_initial.tcl) 9: set_db init_lib_search_path $LIB_DIR
  Setting attribute of root '/': 'init_lib_search_path' = /opt/ic_tools/pdk/faraday/umc130/HS/fsc0h_d/2009Q1v3.0/GENERIC_CORE/FrontEnd/synopsys
@file(synth_initial.tcl) 10: set_db init_hdl_search_path $RTL_DIR 
  Setting attribute of root '/': 'init_hdl_search_path' = ~/DIGITAL/SIMULATION/COUNTER4BIT/src
@file(synth_initial.tcl) 15: read_libs fsc0h_d_generic_core_ss1p08v125c.lib 

Threads Configured:3

  Message Summary for Library fsc0h_d_generic_core_ss1p08v125c.lib:
  *****************************************************************
  Missing a function attribute in the output pin definition. [LBR-518]: 1
  An unsupported construct was detected in this library. [LBR-40]: 1
  *****************************************************************
 
Info    : Created nominal operating condition. [LBR-412]
        : Operating condition '_nominal_' was created for the PVT values (1.000000, 1.080000, 125.000000) in library 'fsc0h_d_generic_core_ss1p08v125c.lib'.
        : The nominal operating condition is represented, either by the nominal PVT values specified in the library source (via nom_process,nom_voltage and nom_temperature respectively), or by the default PVT values (1.0,1.0,1.0).
Warning : Library cell has no output pins defined. [LBR-9]
        : Library cell 'ANTHD' must have an output pin.
        : Add the missing output pin(s), then reload the library. Else the library cell will be marked as timing model i.e. unusable. Timing_model means that the cell does not have any defined function. If there is no output pin, Genus will mark library cell as unusable i.e. the attribute 'usable' will be marked to 'false' on the libcell. Therefore, the cell is not used for mapping and it will not be picked up from the library for synthesis. If you query the attribute 'unusable_reason' on the libcell; result will be: 'Library cell has no output pins.'Note: The message LBR-9 is only for the logical pins and not for the power_ground pins. Genus will depend upon the output function defined in the pin group (output pin) of the cell, to use it for mapping. The pg_pin will not have any function defined.
Warning : Library cell has no output pins defined. [LBR-9]
        : Library cell 'ANTHD' must have an output pin.
Warning : Library cell has no output pins defined. [LBR-9]
        : Library cell 'CKLDHD' must have an output pin.
Warning : Library cell has no output pins defined. [LBR-9]
        : Library cell 'CKLDHD' must have an output pin.
@file(synth_initial.tcl) 17: read_hdl -v2001 counter4bit.v
@file(synth_initial.tcl) 22: elaborate
Warning : Detected both combinational and sequential timing arcs in a library cell. This might prevent the tool from using this cell for technology mapping. The tool will treat it as unusable. [LBR-76]
        : The arc 'CKB_E_H50' between pins 'CKB' and 'E' in libcell 'GCBETCHD' is a sequential timing arc.
        : The library cell will be treated as a timing-model. Make sure that the timing arcs and output function are defined correctly. Even if the cell intends to have dual-functionality, it cannot be unmapped or automatically inferred.
Warning : Detected both combinational and sequential timing arcs in a library cell. This might prevent the tool from using this cell for technology mapping. The tool will treat it as unusable. [LBR-76]
        : The arc 'CKB_E_H50' between pins 'CKB' and 'E' in libcell 'GCBETEHD' is a sequential timing arc.
Warning : Detected both combinational and sequential timing arcs in a library cell. This might prevent the tool from using this cell for technology mapping. The tool will treat it as unusable. [LBR-76]
        : The arc 'CKB_E_H50' between pins 'CKB' and 'E' in libcell 'GCBETHHD' is a sequential timing arc.
Warning : Detected both combinational and sequential timing arcs in a library cell. This might prevent the tool from using this cell for technology mapping. The tool will treat it as unusable. [LBR-76]
        : The arc 'CKB_E_H50' between pins 'CKB' and 'E' in libcell 'GCBETKHD' is a sequential timing arc.
Warning : Detected both combinational and sequential timing arcs in a library cell. This might prevent the tool from using this cell for technology mapping. The tool will treat it as unusable. [LBR-76]
        : The arc 'CK_E_Ha0' between pins 'CK' and 'E' in libcell 'GCKETCHD' is a sequential timing arc.
Warning : Detected both combinational and sequential timing arcs in a library cell. This might prevent the tool from using this cell for technology mapping. The tool will treat it as unusable. [LBR-76]
        : The arc 'CK_E_Ha0' between pins 'CK' and 'E' in libcell 'GCKETEHD' is a sequential timing arc.
Warning : Detected both combinational and sequential timing arcs in a library cell. This might prevent the tool from using this cell for technology mapping. The tool will treat it as unusable. [LBR-76]
        : The arc 'CK_E_Ha0' between pins 'CK' and 'E' in libcell 'GCKETHHD' is a sequential timing arc.
Warning : Detected both combinational and sequential timing arcs in a library cell. This might prevent the tool from using this cell for technology mapping. The tool will treat it as unusable. [LBR-76]
        : The arc 'CK_E_Ha0' between pins 'CK' and 'E' in libcell 'GCKETKHD' is a sequential timing arc.
  Library has 280 usable logic and 110 usable sequential lib-cells.
Info    : Elaborating Design. [ELAB-1]
        : Elaborating top-level block 'counter4bit' from file './counter4bit.v'.
Info    : Done Elaborating Design. [ELAB-3]
        : Done elaborating 'counter4bit'.
Checking for analog nets...
Check completed for analog nets.
Checking for source RTL...
Check completed for source RTL.
UM:   timing.setup.tns  timing.setup.wns  snapshot
UM:*                                      elaborate
@file(synth_initial.tcl) 29: create_clock -name clk -period 10 [get_ports clk]
@file(synth_initial.tcl) 36: set_db [get_db ports count[*]] .external_wire_cap 500 
  Setting attribute of port 'count[3]': 'external_wire_cap' = 500.0
  Setting attribute of port 'count[2]': 'external_wire_cap' = 500.0
  Setting attribute of port 'count[1]': 'external_wire_cap' = 500.0
  Setting attribute of port 'count[0]': 'external_wire_cap' = 500.0
@file(synth_initial.tcl) 42: set_db use_scan_seqs_for_non_dft false
  Setting attribute of root '/': 'use_scan_seqs_for_non_dft' = false
@file(synth_initial.tcl) 44: syn_generic
Warning : Detected both combinational and sequential timing arcs in a library cell. This might prevent the tool from using this cell for technology mapping. The tool will treat it as unusable. [LBR-76]
        : The arc 'CKB_E_H50' between pins 'CKB' and 'E' in libcell 'GCBETCHD' is a sequential timing arc.
Warning : Detected both combinational and sequential timing arcs in a library cell. This might prevent the tool from using this cell for technology mapping. The tool will treat it as unusable. [LBR-76]
        : The arc 'CKB_E_H50' between pins 'CKB' and 'E' in libcell 'GCBETEHD' is a sequential timing arc.
Warning : Detected both combinational and sequential timing arcs in a library cell. This might prevent the tool from using this cell for technology mapping. The tool will treat it as unusable. [LBR-76]
        : The arc 'CKB_E_H50' between pins 'CKB' and 'E' in libcell 'GCBETHHD' is a sequential timing arc.
Warning : Detected both combinational and sequential timing arcs in a library cell. This might prevent the tool from using this cell for technology mapping. The tool will treat it as unusable. [LBR-76]
        : The arc 'CKB_E_H50' between pins 'CKB' and 'E' in libcell 'GCBETKHD' is a sequential timing arc.
Warning : Detected both combinational and sequential timing arcs in a library cell. This might prevent the tool from using this cell for technology mapping. The tool will treat it as unusable. [LBR-76]
        : The arc 'CK_E_Ha0' between pins 'CK' and 'E' in libcell 'GCKETCHD' is a sequential timing arc.
Warning : Detected both combinational and sequential timing arcs in a library cell. This might prevent the tool from using this cell for technology mapping. The tool will treat it as unusable. [LBR-76]
        : The arc 'CK_E_Ha0' between pins 'CK' and 'E' in libcell 'GCKETEHD' is a sequential timing arc.
Warning : Detected both combinational and sequential timing arcs in a library cell. This might prevent the tool from using this cell for technology mapping. The tool will treat it as unusable. [LBR-76]
        : The arc 'CK_E_Ha0' between pins 'CK' and 'E' in libcell 'GCKETHHD' is a sequential timing arc.
Warning : Detected both combinational and sequential timing arcs in a library cell. This might prevent the tool from using this cell for technology mapping. The tool will treat it as unusable. [LBR-76]
        : The arc 'CK_E_Ha0' between pins 'CK' and 'E' in libcell 'GCKETKHD' is a sequential timing arc.
## library domain: _default_ typical gate delay: 100.8 ps std_slew: 29.5 ps std_load: 3.4 fF
Info    : Deleting instances not driving any primary outputs. [GLO-34]
        : Deleting 1 hierarchical instance.
        : Optimizations such as constant propagation or redundancy removal could change the connections so a hierarchical instance does not drive any primary outputs anymore. To see the list of deleted hierarchical instances, set the 'information_level' attribute to 2 or above. If the message is truncated set the message attribute 'truncate' to false to see the complete list. To prevent this optimization, set the 'delete_unloaded_insts' root/subdesign attribute to 'false' or 'preserve' instance attribute to 'true'.
Info    : Synthesizing. [SYNTH-1]
        : Synthesizing 'counter4bit' to generic gates using 'medium' effort.
PBS_Generic-Start - Elapsed_Time 0, CPU_Time 0.0
stamp 'PBS_Generic-Start' being created for table 'pbs_debug'

  Total Time (Wall) |  Stage Time (Wall)  |   % (Wall)   |    Date - Time     |  Memory   | Stage
--------------------+---------------------+--------------+--------------------+-----------+----------------------
 00:00:14(00:00:29) |  00:00:00(00:00:00) |   0.0(  0.0) |   10:08:59 (Dec06) |  466.3 MB | PBS_Generic-Start
--------------------+---------------------+--------------+--------------------+-----------+----------------------
Number of threads: 8 * 1   (id: pbs_debug, time_info v1.57)
Info: (*N*) indicates data that was populated from previously saved time_info database
Info: CPU time includes time of parent + longest thread
TNS Restructuring config:  at stage: generic applied.
Info    : Partition Based Synthesis execution skipped. [PHYS-752]
        : Design size is less than the partition size '100000' for distributed generic optimization to kick in.
Processing pre-genopt PAS flow...
Starting mux data reorder optimization [v1.0] (stage: post_to_gen_setup, startdef: counter4bit, recur: true)
Completed mux data reorder optimization (accepts: 0, rejects: 0, runtime: 0.001s)
Starting reconvergence optimization [v1.0] (stage: pre_rtlopt, startdef: counter4bit, recur: true)
Completed reconvergence optimization (accepts: 0, rejects: 0, runtime: 0.000s)
Starting logic restructure optimization [v1.0] (stage: pre_rtlopt, startdef: counter4bit, recur: true)
Completed logic restructure optimization (accepts: 0, rejects: 0, runtime: 0.000s)
Info    : Pre-processed datapath logic. [DPOPT-6]
        : No pre-processing optimizations applied to datapath logic in 'counter4bit'.
Info    : Optimizing datapath logic. [DPOPT-1]
        : Optimizing datapath logic in 'counter4bit'.
Info    : Implementing datapath configurations. [DPOPT-3]
        : Implementing datapath configurations for 'CDN_DP_region'
Info    : Done implementing datapath configurations. [DPOPT-4]
        : Selected 'very_fast' configuration 5 for module 'CDN_DP_region'.
          Optimizations applied to 'very_fast' configuration:
            rewriting(0), factoring(0), sharing(0), cmultcse(0), downsizing(0), speculation(0)
Info    : Done optimizing datapath logic. [DPOPT-2]
        : Done optimizing datapath logic in 'counter4bit'.
Starting mux data reorder optimization [v1.0] (stage: post_rtlopt, startdef: counter4bit, recur: true)
Completed mux data reorder optimization (accepts: 0, rejects: 0, runtime: 0.000s)
Starting mux speculation [v1.0] (stage: post_muxopt, startdef: counter4bit, recur: true)
Starting speculation optimization
Completed speculation optimization (accepts:0)
Completed mux speculation (accepts: 0, rejects: 0, runtime: 0.004s)
==================================
Stage : to_generic 
==================================
  =================
   Message Summary
  =================
--------------------------------------------------------------------------------
|    Id    |  Sev   |Count |                   Message Text                    |
--------------------------------------------------------------------------------
| CWD-19   |Info    |   25 |An implementation was inferred.                    |
| DPOPT-1  |Info    |    1 |Optimizing datapath logic.                         |
| DPOPT-2  |Info    |    1 |Done optimizing datapath logic.                    |
| DPOPT-3  |Info    |    1 |Implementing datapath configurations.              |
| DPOPT-4  |Info    |    1 |Done implementing datapath configurations.         |
| DPOPT-6  |Info    |    1 |Pre-processed datapath logic.                      |
| ELAB-1   |Info    |    1 |Elaborating Design.                                |
| ELAB-3   |Info    |    1 |Done Elaborating Design.                           |
| GLO-34   |Info    |    1 |Deleting instances not driving any primary         |
|          |        |      | outputs.                                          |
|          |        |      |Optimizations such as constant propagation or      |
|          |        |      | redundancy removal could change the connections   |
|          |        |      | so a hierarchical instance does not drive any     |
|          |        |      | primary outputs anymore. To see the list of       |
|          |        |      | deleted hierarchical instances, set the           |
|          |        |      | 'information_level' attribute to 2 or above. If   |
|          |        |      | the message is truncated set the message          |
|          |        |      | attribute 'truncate' to false to see the complete |
|          |        |      | list. To prevent this optimization, set the       |
|          |        |      | 'delete_unloaded_insts' root/subdesign attribute  |
|          |        |      | to 'false' or 'preserve' instance attribute to    |
|          |        |      | 'true'.                                           |
| LBR-9    |Warning |    4 |Library cell has no output pins defined.           |
|          |        |      |Add the missing output pin(s)                      |
|          |        |      | , then reload the library. Else the library cell  |
|          |        |      | will be marked as timing model i.e. unusable.     |
|          |        |      | Timing_model means that the cell does not have    |
|          |        |      | any defined function. If there is no output pin,  |
|          |        |      | Genus will mark library cell as unusable i.e. the |
|          |        |      | attribute 'usable' will be marked to 'false' on   |
|          |        |      | the libcell. Therefore, the cell is not used for  |
|          |        |      | mapping and it will not be picked up from the     |
|          |        |      | library for synthesis. If you query the attribute |
|          |        |      | 'unusable_reason' on the libcell; result will be: |
|          |        |      | 'Library cell has no output pins.'Note: The       |
|          |        |      | message LBR-9 is only for the logical pins and    |
|          |        |      | not for the power_ground pins. Genus will depend  |
|          |        |      | upon the output function defined in the pin group |
|          |        |      | (output pin)                                      |
|          |        |      | of the cell, to use it for mapping. The pg_pin    |
|          |        |      | will not have any function defined.               |
| LBR-40   |Info    |    1 |An unsupported construct was detected in this      |
|          |        |      | library.                                          |
|          |        |      |Check to see if this construct is really needed    |
|          |        |      | for synthesis. Many liberty constructs are not    |
|          |        |      | actually required.                                |
| LBR-41   |Info    |    1 |An output library pin lacks a function attribute.  |
|          |        |      |If the remainder of this library cell's semantic   |
|          |        |      | checks are successful, it will be considered as a |
|          |        |      | timing-model                                      |
|          |        |      | (because one of its outputs does not have a valid |
|          |        |      | function.                                         |
| LBR-76   |Warning |   16 |Detected both combinational and sequential timing  |
|          |        |      | arcs in a library cell. This might prevent the    |
|          |        |      | tool from using this cell for technology mapping. |
|          |        |      | The tool will treat it as unusable.               |
|          |        |      |The library cell will be treated as a              |
|          |        |      | timing-model. Make sure that the timing arcs and  |
|          |        |      | output function are defined correctly. Even if    |
|          |        |      | the cell intends to have dual-functionality, it   |
|          |        |      | cannot be unmapped or automatically inferred.     |
| LBR-155  |Info    |  178 |Mismatch in unateness between 'timing_sense'       |
|          |        |      | attribute and the function.                       |
|          |        |      |The 'timing_sense' attribute will be respected.    |
| LBR-161  |Info    |    1 |Setting the maximum print count of this message to |
|          |        |      | 10 if information_level is less than 9.           |
| LBR-162  |Info    |   89 |Both 'pos_unate' and 'neg_unate' timing_sense arcs |
|          |        |      | have been processed.                              |
|          |        |      |Setting the 'timing_sense' to non_unate.           |
| LBR-412  |Info    |    1 |Created nominal operating condition.               |
|          |        |      |The nominal operating condition is represented,    |
|          |        |      | either by the nominal PVT values specified in the |
|          |        |      | library source                                    |
|          |        |      | (via nom_process,nom_voltage and nom_temperature  |
|          |        |      | respectively)                                     |
|          |        |      | , or by the default PVT values (1.0,1.0,1.0).     |
| LBR-518  |Info    |    1 |Missing a function attribute in the output pin     |
|          |        |      | definition.                                       |
| PHYS-752 |Info    |    1 |Partition Based Synthesis execution skipped.       |
| SYNTH-1  |Info    |    1 |Synthesizing.                                      |
| TUI-31   |Warning |    1 |Obsolete command.                                  |
|          |        |      |This command is no longer supported.               |
--------------------------------------------------------------------------------
Processing post-genopt PAS flow...
Mapper: Libraries have:
	domain _default_: 280 combo usable cells and 110 sequential usable cells
Multi-threaded constant propagation [1|0] ...
new_area=386534960  new_slack=9040.00  new_is_better=1
Multi-threaded Virtual Mapping    (4 threads, 4 of 4 CPUs usable)
==================================
Stage : first_condense 
==================================
  =================
   Message Summary
  =================
---------------------------------------------------------------
|  Id  |Sev  |Count |              Message Text               |
---------------------------------------------------------------
| GB-6 |Info |    2 |A datapath component has been ungrouped. |
---------------------------------------------------------------
 
Global mapping target info
==========================
Cost Group 'clk' target slack:   296 ps
Target path end-point (Pin: count_reg[3]/d)


State Retention Synthesis Status
================================

Category                        Flops   Percentage
--------------------------------------------------
Total instances                     4        100.0
Excluded from State Retention       4        100.0
    - Will not convert              4        100.0
      - Preserved                   0          0.0
      - Power intent excluded       4        100.0
    - Could not convert             0          0.0
      - Scan type                   0          0.0
      - No suitable cell            0          0.0
State Retention instances           0          0.0
--------------------------------------------------

PBS_Generic_Opt-Post - Elapsed_Time 1, CPU_Time 0.9685190000000006
stamp 'PBS_Generic_Opt-Post' being created for table 'pbs_debug'

  Total Time (Wall) |  Stage Time (Wall)  |   % (Wall)   |    Date - Time     |  Memory   | Stage
--------------------+---------------------+--------------+--------------------+-----------+----------------------
 00:00:14(00:00:29) |  00:00:00(00:00:00) |   0.0(  0.0) |   10:08:59 (Dec06) |  466.3 MB | PBS_Generic-Start
--------------------+---------------------+--------------+--------------------+-----------+----------------------
 00:00:14(00:00:30) |  00:00:00(00:00:01) | 100.0(100.0) |   10:09:00 (Dec06) |  466.3 MB | PBS_Generic_Opt-Post
--------------------+---------------------+--------------+--------------------+-----------+----------------------
Number of threads: 8 * 1   (id: pbs_debug, time_info v1.57)
Info: (*N*) indicates data that was populated from previously saved time_info database
Info: CPU time includes time of parent + longest thread
PBS_Generic-Postgen HBO Optimizations - Elapsed_Time 0, CPU_Time 0.0
stamp 'PBS_Generic-Postgen HBO Optimizations' being created for table 'pbs_debug'

  Total Time (Wall) |  Stage Time (Wall)  |   % (Wall)   |    Date - Time     |  Memory   | Stage
--------------------+---------------------+--------------+--------------------+-----------+----------------------
 00:00:14(00:00:29) |  00:00:00(00:00:00) |   0.0(  0.0) |   10:08:59 (Dec06) |  466.3 MB | PBS_Generic-Start
--------------------+---------------------+--------------+--------------------+-----------+----------------------
 00:00:14(00:00:30) |  00:00:00(00:00:01) | 100.0(100.0) |   10:09:00 (Dec06) |  466.3 MB | PBS_Generic_Opt-Post
--------------------+---------------------+--------------+--------------------+-----------+----------------------
 00:00:14(00:00:30) |  00:00:00(00:00:00) |   0.0(  0.0) |   10:09:00 (Dec06) |  466.3 MB | PBS_Generic-Postgen HBO Optimizations
--------------------+---------------------+--------------+--------------------+-----------+----------------------
Number of threads: 8 * 1   (id: pbs_debug, time_info v1.57)
Info: (*N*) indicates data that was populated from previously saved time_info database
Info: CPU time includes time of parent + longest thread
##>=================== Cadence Confidential (Generic-Logical) ===================
##>=================== Cadence Confidential (Generic-Logical) ===================
##>Main Thread Summary:
##>----------------------------------------------------------------------------------------
##>STEP                           Elapsed       WNS       TNS     Insts      Area    Memory
##>----------------------------------------------------------------------------------------
##>G:Initial                            0         -         -        35       410       466
##>G:Setup                              0         -         -         -         -         -
##>G:Launch ST                          0         -         -         -         -         -
##>G:Design Partition                   0         -         -         -         -         -
##>G:Create Partition Netlists          0         -         -         -         -         -
##>G:Init Power                         0         -         -         -         -         -
##>G:Budgeting                          0         -         -         -         -         -
##>G:Derenv-DB                          0         -         -         -         -         -
##>G:Debug Outputs                      0         -         -         -         -         -
##>G:ST loading                         0         -         -         -         -         -
##>G:Distributed                        0         -         -         -         -         -
##>G:Timer                              0         -         -         -         -         -
##>G:Assembly                           0         -         -         -         -         -
##>G:DFT                                0         -         -         -         -         -
##>G:Const Prop                         0         -         -        41       492       466
##>G:Misc                               1
##>----------------------------------------------------------------------------------------
##>Total Elapsed                        1
##>========================================================================================
Info    : Done synthesizing. [SYNTH-2]
        : Done synthesizing 'counter4bit' to generic gates.
      timing.setup.tns  timing.setup.wns  snapshot
UM:*                                      syn_gen
@file(synth_initial.tcl) 45: syn_map
## library domain: _default_ typical gate delay: 100.8 ps std_slew: 29.5 ps std_load: 3.4 fF
Info    : Mapping. [SYNTH-4]
        : Mapping 'counter4bit' using 'high' effort.
Mapper: Libraries have:
	domain _default_: 280 combo usable cells and 110 sequential usable cells
Configuring mapper costing (none)
TNS Restructuring config:  at stage: map applied.
PBS_TechMap-Start - Elapsed_Time 0, CPU_Time 0.0
stamp 'PBS_TechMap-Start' being created for table 'pbs_debug'

  Total Time (Wall) |  Stage Time (Wall)  |   % (Wall)   |    Date - Time     |  Memory   | Stage
--------------------+---------------------+--------------+--------------------+-----------+----------------------
 00:00:14(00:00:29) |  00:00:00(00:00:00) |   0.0(  0.0) |   10:08:59 (Dec06) |  466.3 MB | PBS_Generic-Start
--------------------+---------------------+--------------+--------------------+-----------+----------------------
 00:00:14(00:00:30) |  00:00:00(00:00:01) | 100.0(100.0) |   10:09:00 (Dec06) |  466.3 MB | PBS_Generic_Opt-Post
--------------------+---------------------+--------------+--------------------+-----------+----------------------
 00:00:14(00:00:30) |  00:00:00(00:00:00) |   0.0(  0.0) |   10:09:00 (Dec06) |  466.3 MB | PBS_Generic-Postgen HBO Optimizations
--------------------+---------------------+--------------+--------------------+-----------+----------------------
 00:00:14(00:00:30) |  00:00:00(00:00:00) |   0.0(  0.0) |   10:09:00 (Dec06) |  466.3 MB | PBS_TechMap-Start
--------------------+---------------------+--------------+--------------------+-----------+----------------------
Number of threads: 8 * 1   (id: pbs_debug, time_info v1.57)
Info: (*N*) indicates data that was populated from previously saved time_info database
Info: CPU time includes time of parent + longest thread
PBS_TechMap-Premap HBO Optimizations - Elapsed_Time 0, CPU_Time 0.0
stamp 'PBS_TechMap-Premap HBO Optimizations' being created for table 'pbs_debug'

  Total Time (Wall) |  Stage Time (Wall)  |   % (Wall)   |    Date - Time     |  Memory   | Stage
--------------------+---------------------+--------------+--------------------+-----------+----------------------
 00:00:14(00:00:29) |  00:00:00(00:00:00) |   0.0(  0.0) |   10:08:59 (Dec06) |  466.3 MB | PBS_Generic-Start
--------------------+---------------------+--------------+--------------------+-----------+----------------------
 00:00:14(00:00:30) |  00:00:00(00:00:01) | 100.0(100.0) |   10:09:00 (Dec06) |  466.3 MB | PBS_Generic_Opt-Post
--------------------+---------------------+--------------+--------------------+-----------+----------------------
 00:00:14(00:00:30) |  00:00:00(00:00:00) |   0.0(  0.0) |   10:09:00 (Dec06) |  466.3 MB | PBS_Generic-Postgen HBO Optimizations
--------------------+---------------------+--------------+--------------------+-----------+----------------------
 00:00:14(00:00:30) |  00:00:00(00:00:00) |   0.0(  0.0) |   10:09:00 (Dec06) |  466.3 MB | PBS_TechMap-Start
--------------------+---------------------+--------------+--------------------+-----------+----------------------
 00:00:14(00:00:30) |  00:00:00(00:00:00) |   0.0(  0.0) |   10:09:00 (Dec06) |  466.3 MB | PBS_TechMap-Premap HBO Optimizations
--------------------+---------------------+--------------+--------------------+-----------+----------------------
Number of threads: 8 * 1   (id: pbs_debug, time_info v1.57)
Info: (*N*) indicates data that was populated from previously saved time_info database
Info: CPU time includes time of parent + longest thread
Info    : Partition Based Synthesis execution skipped. [PHYS-752]
        : Design size is less than the partition size '100000' for distributed mapping optimization to kick in.
Mapper: Libraries have:
	domain _default_: 280 combo usable cells and 110 sequential usable cells
Multi-threaded Virtual Mapping    (4 threads, 4 of 4 CPUs usable)
 
Global mapping target info
==========================
Cost Group 'clk' target slack:   296 ps
Target path end-point (Pin: count_reg[3]/d)

Multi-threaded Virtual Mapping    (4 threads, 4 of 4 CPUs usable)
Multi-threaded Technology Mapping (4 threads, 4 of 4 CPUs usable)
 
Global mapping status
=====================
                                   Group   
                                  Tot Wrst 
                           Total  Weighted 
Operation                   Area   Slacks  
 global_map                  372        0 

    Cost Group            Target    Slack    Diff.  Constr.
-----------------------------------------------------------
           clk               296     8460             10000 

 
Global incremental target info
==============================
Cost Group 'clk' target slack:   196 ps
Target path end-point (Pin: count_reg[3]/D (QDFFKHD/D))

==================================
Stage : global_incr_map 
==================================
  =================
   Message Summary
  =================
-----------------------------------------------------------------------
|    Id    |Sev  |Count |                Message Text                 |
-----------------------------------------------------------------------
| PHYS-752 |Info |    1 |Partition Based Synthesis execution skipped. |
| SYNTH-2  |Info |    1 |Done synthesizing.                           |
| SYNTH-4  |Info |    1 |Mapping.                                     |
-----------------------------------------------------------------------
 
Global incremental optimization status
======================================
                                   Group   
                                  Tot Wrst 
                           Total  Weighted 
Operation                   Area   Slacks  
 global_incr                 278        0 

    Cost Group            Target    Slack    Diff.  Constr.
-----------------------------------------------------------
           clk               196     8166             10000 


State Retention Synthesis Status
================================

Category                        Flops   Percentage
--------------------------------------------------
Total instances                     4        100.0
Excluded from State Retention       4        100.0
    - Will not convert              4        100.0
      - Preserved                   0          0.0
      - Power intent excluded       4        100.0
    - Could not convert             0          0.0
      - Scan type                   0          0.0
      - No suitable cell            0          0.0
State Retention instances           0          0.0
--------------------------------------------------

INFO: skipping constant propagation
PBS_Techmap-Global Mapping - Elapsed_Time 1, CPU_Time 0.9353090000000002
stamp 'PBS_Techmap-Global Mapping' being created for table 'pbs_debug'

  Total Time (Wall) |  Stage Time (Wall)  |   % (Wall)   |    Date - Time     |  Memory   | Stage
--------------------+---------------------+--------------+--------------------+-----------+----------------------
 00:00:14(00:00:29) |  00:00:00(00:00:00) |   0.0(  0.0) |   10:08:59 (Dec06) |  466.3 MB | PBS_Generic-Start
--------------------+---------------------+--------------+--------------------+-----------+----------------------
 00:00:14(00:00:30) |  00:00:00(00:00:01) |  50.9( 50.0) |   10:09:00 (Dec06) |  466.3 MB | PBS_Generic_Opt-Post
--------------------+---------------------+--------------+--------------------+-----------+----------------------
 00:00:14(00:00:30) |  00:00:00(00:00:00) |   0.0(  0.0) |   10:09:00 (Dec06) |  466.3 MB | PBS_Generic-Postgen HBO Optimizations
--------------------+---------------------+--------------+--------------------+-----------+----------------------
 00:00:14(00:00:30) |  00:00:00(00:00:00) |   0.0(  0.0) |   10:09:00 (Dec06) |  466.3 MB | PBS_TechMap-Start
--------------------+---------------------+--------------+--------------------+-----------+----------------------
 00:00:14(00:00:30) |  00:00:00(00:00:00) |   0.0(  0.0) |   10:09:00 (Dec06) |  466.3 MB | PBS_TechMap-Premap HBO Optimizations
--------------------+---------------------+--------------+--------------------+-----------+----------------------
 00:00:15(00:00:31) |  00:00:00(00:00:01) |  49.1( 50.0) |   10:09:01 (Dec06) |  466.3 MB | PBS_Techmap-Global Mapping
--------------------+---------------------+--------------+--------------------+-----------+----------------------
Number of threads: 8 * 1   (id: pbs_debug, time_info v1.57)
Info: (*N*) indicates data that was populated from previously saved time_info database
Info: CPU time includes time of parent + longest thread
Info    : Forcing flat compare. [CFM-212]
        : No hierarchies found in design.
Info    : Wrote formal verification information. [CFM-5]
        : Wrote 'fv/counter4bit/fv_map.fv.json' for netlist 'fv/counter4bit/fv_map.v.gz'.
Info    : Wrote dofile. [CFM-1]
        : Dofile is 'fv/counter4bit/rtl_to_fv_map.do'.
        : Alias mapping flow is enabled.
PBS_TechMap-Datapath Postmap Operations - Elapsed_Time 1, CPU_Time 1.0
stamp 'PBS_TechMap-Datapath Postmap Operations' being created for table 'pbs_debug'

  Total Time (Wall) |  Stage Time (Wall)  |   % (Wall)   |    Date - Time     |  Memory   | Stage
--------------------+---------------------+--------------+--------------------+-----------+----------------------
 00:00:14(00:00:29) |  00:00:00(00:00:00) |   0.0(  0.0) |   10:08:59 (Dec06) |  466.3 MB | PBS_Generic-Start
--------------------+---------------------+--------------+--------------------+-----------+----------------------
 00:00:14(00:00:30) |  00:00:00(00:00:01) |  33.4( 33.3) |   10:09:00 (Dec06) |  466.3 MB | PBS_Generic_Opt-Post
--------------------+---------------------+--------------+--------------------+-----------+----------------------
 00:00:14(00:00:30) |  00:00:00(00:00:00) |   0.0(  0.0) |   10:09:00 (Dec06) |  466.3 MB | PBS_Generic-Postgen HBO Optimizations
--------------------+---------------------+--------------+--------------------+-----------+----------------------
 00:00:14(00:00:30) |  00:00:00(00:00:00) |   0.0(  0.0) |   10:09:00 (Dec06) |  466.3 MB | PBS_TechMap-Start
--------------------+---------------------+--------------+--------------------+-----------+----------------------
 00:00:14(00:00:30) |  00:00:00(00:00:00) |   0.0(  0.0) |   10:09:00 (Dec06) |  466.3 MB | PBS_TechMap-Premap HBO Optimizations
--------------------+---------------------+--------------+--------------------+-----------+----------------------
 00:00:15(00:00:31) |  00:00:00(00:00:01) |  32.2( 33.3) |   10:09:01 (Dec06) |  466.3 MB | PBS_Techmap-Global Mapping
--------------------+---------------------+--------------+--------------------+-----------+----------------------
 00:00:16(00:00:32) |  00:00:01(00:00:01) |  34.4( 33.3) |   10:09:02 (Dec06) |  466.3 MB | PBS_TechMap-Datapath Postmap Operations
--------------------+---------------------+--------------+--------------------+-----------+----------------------
Number of threads: 8 * 1   (id: pbs_debug, time_info v1.57)
Info: (*N*) indicates data that was populated from previously saved time_info database
Info: CPU time includes time of parent + longest thread
PBS_TechMap-Postmap HBO Optimizations - Elapsed_Time 0, CPU_Time 0.0
stamp 'PBS_TechMap-Postmap HBO Optimizations' being created for table 'pbs_debug'

  Total Time (Wall) |  Stage Time (Wall)  |   % (Wall)   |    Date - Time     |  Memory   | Stage
--------------------+---------------------+--------------+--------------------+-----------+----------------------
 00:00:14(00:00:29) |  00:00:00(00:00:00) |   0.0(  0.0) |   10:08:59 (Dec06) |  466.3 MB | PBS_Generic-Start
--------------------+---------------------+--------------+--------------------+-----------+----------------------
 00:00:14(00:00:30) |  00:00:00(00:00:01) |  33.4( 33.3) |   10:09:00 (Dec06) |  466.3 MB | PBS_Generic_Opt-Post
--------------------+---------------------+--------------+--------------------+-----------+----------------------
 00:00:14(00:00:30) |  00:00:00(00:00:00) |   0.0(  0.0) |   10:09:00 (Dec06) |  466.3 MB | PBS_Generic-Postgen HBO Optimizations
--------------------+---------------------+--------------+--------------------+-----------+----------------------
 00:00:14(00:00:30) |  00:00:00(00:00:00) |   0.0(  0.0) |   10:09:00 (Dec06) |  466.3 MB | PBS_TechMap-Start
--------------------+---------------------+--------------+--------------------+-----------+----------------------
 00:00:14(00:00:30) |  00:00:00(00:00:00) |   0.0(  0.0) |   10:09:00 (Dec06) |  466.3 MB | PBS_TechMap-Premap HBO Optimizations
--------------------+---------------------+--------------+--------------------+-----------+----------------------
 00:00:15(00:00:31) |  00:00:00(00:00:01) |  32.2( 33.3) |   10:09:01 (Dec06) |  466.3 MB | PBS_Techmap-Global Mapping
--------------------+---------------------+--------------+--------------------+-----------+----------------------
 00:00:16(00:00:32) |  00:00:01(00:00:01) |  34.4( 33.3) |   10:09:02 (Dec06) |  466.3 MB | PBS_TechMap-Datapath Postmap Operations
--------------------+---------------------+--------------+--------------------+-----------+----------------------
 00:00:16(00:00:32) |  00:00:00(00:00:00) |   0.0(  0.0) |   10:09:02 (Dec06) |  466.3 MB | PBS_TechMap-Postmap HBO Optimizations
--------------------+---------------------+--------------+--------------------+-----------+----------------------
Number of threads: 8 * 1   (id: pbs_debug, time_info v1.57)
Info: (*N*) indicates data that was populated from previously saved time_info database
Info: CPU time includes time of parent + longest thread
 Doing ConstProp on design:counter4bit ... 

PBS_TechMap-Postmap Clock Gating - Elapsed_Time 0, CPU_Time 0.0
stamp 'PBS_TechMap-Postmap Clock Gating' being created for table 'pbs_debug'

  Total Time (Wall) |  Stage Time (Wall)  |   % (Wall)   |    Date - Time     |  Memory   | Stage
--------------------+---------------------+--------------+--------------------+-----------+----------------------
 00:00:14(00:00:29) |  00:00:00(00:00:00) |   0.0(  0.0) |   10:08:59 (Dec06) |  466.3 MB | PBS_Generic-Start
--------------------+---------------------+--------------+--------------------+-----------+----------------------
 00:00:14(00:00:30) |  00:00:00(00:00:01) |  33.4( 33.3) |   10:09:00 (Dec06) |  466.3 MB | PBS_Generic_Opt-Post
--------------------+---------------------+--------------+--------------------+-----------+----------------------
 00:00:14(00:00:30) |  00:00:00(00:00:00) |   0.0(  0.0) |   10:09:00 (Dec06) |  466.3 MB | PBS_Generic-Postgen HBO Optimizations
--------------------+---------------------+--------------+--------------------+-----------+----------------------
 00:00:14(00:00:30) |  00:00:00(00:00:00) |   0.0(  0.0) |   10:09:00 (Dec06) |  466.3 MB | PBS_TechMap-Start
--------------------+---------------------+--------------+--------------------+-----------+----------------------
 00:00:14(00:00:30) |  00:00:00(00:00:00) |   0.0(  0.0) |   10:09:00 (Dec06) |  466.3 MB | PBS_TechMap-Premap HBO Optimizations
--------------------+---------------------+--------------+--------------------+-----------+----------------------
 00:00:15(00:00:31) |  00:00:00(00:00:01) |  32.2( 33.3) |   10:09:01 (Dec06) |  466.3 MB | PBS_Techmap-Global Mapping
--------------------+---------------------+--------------+--------------------+-----------+----------------------
 00:00:16(00:00:32) |  00:00:01(00:00:01) |  34.4( 33.3) |   10:09:02 (Dec06) |  466.3 MB | PBS_TechMap-Datapath Postmap Operations
--------------------+---------------------+--------------+--------------------+-----------+----------------------
 00:00:16(00:00:32) |  00:00:00(00:00:00) |   0.0(  0.0) |   10:09:02 (Dec06) |  466.3 MB | PBS_TechMap-Postmap HBO Optimizations
--------------------+---------------------+--------------+--------------------+-----------+----------------------
 00:00:16(00:00:32) |  00:00:00(00:00:00) |   0.0(  0.0) |   10:09:02 (Dec06) |  466.3 MB | PBS_TechMap-Postmap Clock Gating
--------------------+---------------------+--------------+--------------------+-----------+----------------------
Number of threads: 8 * 1   (id: pbs_debug, time_info v1.57)
Info: (*N*) indicates data that was populated from previously saved time_info database
Info: CPU time includes time of parent + longest thread
-------------------------------------------------------------------------------
 hi_fo_buf                   278        0         0         0        0        0

           Trick     Calls     Accepts   Attempts    Time(secs) 
-----------------------------------------------------------
       hi_fo_buf         0  (        0 /        0 )  0.00

 
Incremental optimization status
===============================
                                   Group   
                                  Tot Wrst     Total - - - - DRC Totals - - - -
                           Total  Weighted      Neg      Max       Max     Max  
Operation                   Area   Slacks      Slack    Trans      Cap   Fanout 
 init_delay                  278        0         0         0        0        0

           Trick     Calls     Accepts   Attempts    Time(secs) 
-----------------------------------------------------------
       crit_upsz         0  (        0 /        0 )  0.00
    plc_bal_star         0  (        0 /        0 )  0.00
     drc_buftimb         0  (        0 /        0 )  0.00
          plc_st         0  (        0 /        0 )  0.00
    plc_st_fence         0  (        0 /        0 )  0.00
        plc_star         0  (        0 /        0 )  0.00
      plc_laf_st         0  (        0 /        0 )  0.00
 plc_laf_st_fence         0  (        0 /        0 )  0.00
     drc_buftims         0  (        0 /        0 )  0.00
            fopt         0  (        0 /        0 )  0.00
   plc_laf_lo_st         0  (        0 /        0 )  0.00
       plc_lo_st         0  (        0 /        0 )  0.00
        mb_split         0  (        0 /        0 )  0.00

 
Local TNS optimization status
=============================
                                   Group   
                                  Tot Wrst     Total - - - - DRC Totals - - - -
                           Total  Weighted      Neg      Max       Max     Max  
Operation                   Area   Slacks      Slack    Trans      Cap   Fanout 
 init_tns                    278        0         0         0        0        0

           Trick     Calls     Accepts   Attempts    Time(secs) 
-----------------------------------------------------------
    plc_bal_star         0  (        0 /        0 )  0.00
     drc_buftimb         0  (        0 /        0 )  0.00
     drc_buftims         0  (        0 /        0 )  0.00
       crit_upsz         0  (        0 /        0 )  0.00
   plc_laf_lo_st         0  (        0 /        0 )  0.00
       plc_lo_st         0  (        0 /        0 )  0.00
            fopt         0  (        0 /        0 )  0.00
       crit_dnsz         0  (        0 /        0 )  0.00
             dup         0  (        0 /        0 )  0.00
        setup_dn         0  (        0 /        0 )  0.00
        mb_split         0  (        0 /        0 )  0.00

PBS_TechMap-Postmap Cleanup - Elapsed_Time 0, CPU_Time -0.0002820000000021139
stamp 'PBS_TechMap-Postmap Cleanup' being created for table 'pbs_debug'

  Total Time (Wall) |  Stage Time (Wall)  |   % (Wall)   |    Date - Time     |  Memory   | Stage
--------------------+---------------------+--------------+--------------------+-----------+----------------------
 00:00:14(00:00:29) |  00:00:00(00:00:00) |   0.0(  0.0) |   10:08:59 (Dec06) |  466.3 MB | PBS_Generic-Start
--------------------+---------------------+--------------+--------------------+-----------+----------------------
 00:00:14(00:00:30) |  00:00:00(00:00:01) |  33.4( 33.3) |   10:09:00 (Dec06) |  466.3 MB | PBS_Generic_Opt-Post
--------------------+---------------------+--------------+--------------------+-----------+----------------------
 00:00:14(00:00:30) |  00:00:00(00:00:00) |   0.0(  0.0) |   10:09:00 (Dec06) |  466.3 MB | PBS_Generic-Postgen HBO Optimizations
--------------------+---------------------+--------------+--------------------+-----------+----------------------
 00:00:14(00:00:30) |  00:00:00(00:00:00) |   0.0(  0.0) |   10:09:00 (Dec06) |  466.3 MB | PBS_TechMap-Start
--------------------+---------------------+--------------+--------------------+-----------+----------------------
 00:00:14(00:00:30) |  00:00:00(00:00:00) |   0.0(  0.0) |   10:09:00 (Dec06) |  466.3 MB | PBS_TechMap-Premap HBO Optimizations
--------------------+---------------------+--------------+--------------------+-----------+----------------------
 00:00:15(00:00:31) |  00:00:00(00:00:01) |  32.2( 33.3) |   10:09:01 (Dec06) |  466.3 MB | PBS_Techmap-Global Mapping
--------------------+---------------------+--------------+--------------------+-----------+----------------------
 00:00:16(00:00:32) |  00:00:01(00:00:01) |  34.4( 33.3) |   10:09:02 (Dec06) |  466.3 MB | PBS_TechMap-Datapath Postmap Operations
--------------------+---------------------+--------------+--------------------+-----------+----------------------
 00:00:16(00:00:32) |  00:00:00(00:00:00) |   0.0(  0.0) |   10:09:02 (Dec06) |  466.3 MB | PBS_TechMap-Postmap HBO Optimizations
--------------------+---------------------+--------------+--------------------+-----------+----------------------
 00:00:16(00:00:32) |  00:00:00(00:00:00) |   0.0(  0.0) |   10:09:02 (Dec06) |  466.3 MB | PBS_TechMap-Postmap Clock Gating
--------------------+---------------------+--------------+--------------------+-----------+----------------------
 00:00:16(00:00:32) |  00:00:00(00:00:00) |  -0.0(  0.0) |   10:09:02 (Dec06) |  466.3 MB | PBS_TechMap-Postmap Cleanup
--------------------+---------------------+--------------+--------------------+-----------+----------------------
Number of threads: 8 * 1   (id: pbs_debug, time_info v1.57)
Info: (*N*) indicates data that was populated from previously saved time_info database
Info: CPU time includes time of parent + longest thread
PBS_Techmap-Post_MBCI - Elapsed_Time 0, CPU_Time 0.0
stamp 'PBS_Techmap-Post_MBCI' being created for table 'pbs_debug'

  Total Time (Wall) |  Stage Time (Wall)  |   % (Wall)   |    Date - Time     |  Memory   | Stage
--------------------+---------------------+--------------+--------------------+-----------+----------------------
 00:00:14(00:00:29) |  00:00:00(00:00:00) |   0.0(  0.0) |   10:08:59 (Dec06) |  466.3 MB | PBS_Generic-Start
--------------------+---------------------+--------------+--------------------+-----------+----------------------
 00:00:14(00:00:30) |  00:00:00(00:00:01) |  33.4( 33.3) |   10:09:00 (Dec06) |  466.3 MB | PBS_Generic_Opt-Post
--------------------+---------------------+--------------+--------------------+-----------+----------------------
 00:00:14(00:00:30) |  00:00:00(00:00:00) |   0.0(  0.0) |   10:09:00 (Dec06) |  466.3 MB | PBS_Generic-Postgen HBO Optimizations
--------------------+---------------------+--------------+--------------------+-----------+----------------------
 00:00:14(00:00:30) |  00:00:00(00:00:00) |   0.0(  0.0) |   10:09:00 (Dec06) |  466.3 MB | PBS_TechMap-Start
--------------------+---------------------+--------------+--------------------+-----------+----------------------
 00:00:14(00:00:30) |  00:00:00(00:00:00) |   0.0(  0.0) |   10:09:00 (Dec06) |  466.3 MB | PBS_TechMap-Premap HBO Optimizations
--------------------+---------------------+--------------+--------------------+-----------+----------------------
 00:00:15(00:00:31) |  00:00:00(00:00:01) |  32.2( 33.3) |   10:09:01 (Dec06) |  466.3 MB | PBS_Techmap-Global Mapping
--------------------+---------------------+--------------+--------------------+-----------+----------------------
 00:00:16(00:00:32) |  00:00:01(00:00:01) |  34.4( 33.3) |   10:09:02 (Dec06) |  466.3 MB | PBS_TechMap-Datapath Postmap Operations
--------------------+---------------------+--------------+--------------------+-----------+----------------------
 00:00:16(00:00:32) |  00:00:00(00:00:00) |   0.0(  0.0) |   10:09:02 (Dec06) |  466.3 MB | PBS_TechMap-Postmap HBO Optimizations
--------------------+---------------------+--------------+--------------------+-----------+----------------------
 00:00:16(00:00:32) |  00:00:00(00:00:00) |   0.0(  0.0) |   10:09:02 (Dec06) |  466.3 MB | PBS_TechMap-Postmap Clock Gating
--------------------+---------------------+--------------+--------------------+-----------+----------------------
 00:00:16(00:00:32) |  00:00:00(00:00:00) |  -0.0(  0.0) |   10:09:02 (Dec06) |  466.3 MB | PBS_TechMap-Postmap Cleanup
--------------------+---------------------+--------------+--------------------+-----------+----------------------
 00:00:16(00:00:32) |  00:00:00(00:00:00) |   0.0(  0.0) |   10:09:02 (Dec06) |  466.3 MB | PBS_Techmap-Post_MBCI
--------------------+---------------------+--------------+--------------------+-----------+----------------------
Number of threads: 8 * 1   (id: pbs_debug, time_info v1.57)
Info: (*N*) indicates data that was populated from previously saved time_info database
Info: CPU time includes time of parent + longest thread
##>=================== Cadence Confidential (Mapping-Logical) ===================
##>Main Thread Summary:
##>----------------------------------------------------------------------------------------
##>STEP                           Elapsed       WNS       TNS     Insts      Area    Memory
##>----------------------------------------------------------------------------------------
##>M:Initial                            0         -         -        41       492       466
##>M:Pre Cleanup                        0         -         -        41       492       466
##>M:Setup                              0         -         -         -         -         -
##>M:Launch ST                          0         -         -         -         -         -
##>M:Design Partition                   0         -         -         -         -         -
##>M:Create Partition Netlists          0         -         -         -         -         -
##>M:Init Power                         0         -         -         -         -         -
##>M:Budgeting                          0         -         -         -         -         -
##>M:Derenv-DB                          0         -         -         -         -         -
##>M:Debug Outputs                      0         -         -         -         -         -
##>M:ST loading                         0         -         -         -         -         -
##>M:Distributed                        0         -         -         -         -         -
##>M:Timer                              0         -         -         -         -         -
##>M:Assembly                           0         -         -         -         -         -
##>M:DFT                                0         -         -         -         -         -
##>M:DP Operations                      1         -         -        25       277       466
##>M:Const Prop                         0      8166         0        25       277       466
##>M:Cleanup                            0      8166         0        25       277       466
##>M:MBCI                               0         -         -        25       277       466
##>M:Const Gate Removal                 0         -         -         -         -         -
##>M:Misc                               2
##>----------------------------------------------------------------------------------------
##>Total Elapsed                        3
##>========================================================================================
Info    : Done mapping. [SYNTH-5]
        : Done mapping 'counter4bit'.
      timing.setup.tns  timing.setup.wns  snapshot
UM:*                                      syn_map
@file(synth_initial.tcl) 51: insert_tiehilo_cells -verbose
@file(synth_initial.tcl) 52: delete_unloaded_undriven -all *
Disconnecting constant connected subport(s)/pin(s)
No constant connected subport(s)/pin(s) were found
Deleting unused port(s) & subport(s)
No unused port(s) & subport(s) was found
Done disconnecting & deleting constant connected, unloaded & undriven port(s) & subport(s)
#@ End verbose source synth_initial.tcl
@file(synth.tcl) 2: source ./synth_final.tcl
Sourcing './synth_final.tcl' (Fri Dec 06 10:09:03 WET 2024)...
#@ Begin verbose source synth_final.tcl
@file(synth_final.tcl) 4: set OUT_DIR "./"
@file(synth_final.tcl) 9: report_timing > $OUT_DIR/timing_report
Warning : Timing problems have been detected in this design. [TIM-11]
        : The design is 'counter4bit'.
        : Use 'check_timing_intent' or 'report timing -lint' to report more information.
@file(synth_final.tcl) 10: report_power > $OUT_DIR/power_report
Info    : Joules engine is used. [RPT-16]
        : Joules engine is being used for the command report_power.
Info   : ACTP-0001 [ACTPInfo] Activity propagation started for stim#0 netlist
       : counter4bit
Info   : ACTP-0009 [ACTPInfo] Activity Propagation Progress Report :   1%   2%   4%   5%   7%   8%   9%  11%  12%  14%  15%  16%  18%  19%  21%  22%  23%  25%  26%  28%  29%  30%  32%  33%  35%  36%  38%  39%  40%  42%  43%  45%  46%  47%  49%  50%  52%  53%  54%  56%  57%  59%  60%  61%  63%  64%  66%  67%  69%  70%  71%  73%  74%  76%  77%  78%  80%  81%  83%  84%  85%  87%  88%  90%  91%  92%  94%  95%  97%  98% 100%
Info   : ACTP-0001 Activity propagation ended for stim#0
Info   : PWRA-0001 [PwrInfo] compute_power effective options 
       : -mode : vectorless
       : -skip_propagation : 1
       : -frequency_scaling_factor : 1.0
       : -use_clock_freq : stim
       : -compat : voltus
       : -stim :/stim#0
       : -fromGenus : 1
Info   : ACTP-0001 Timing initialization started
Info   : ACTP-0001 Timing initialization ended
Info   : PWRA-0002 [PwrInfo] Skipping activity propagation due to -skip_ap
       : option....
Warning: PWRA-0302 [PwrWarn] Frequency scaling is not applicable for vectorless
       : flow. Ignoring frequency scaling.
Info   : PWRA-0002 Voltus compat mode is set for power analysis.
Warning: PWRA-0304 [PwrWarn] -stim option is not applicable with vectorless mode
       : of power analysis, ignored this option.
Info   : PWRA-0002 Started 'vectorless' power computation.
Info   : PWRA-0002 Finished power computation.
Info   : PWRA-0007 [PwrInfo] Completed successfully.
       : Info=9, Warn=2, Error=0, Fatal=0
Output file: .//power_report
@file(synth_final.tcl) 15: write_hdl -language v2001 > $OUT_DIR/counter4bit_synth.v
@file(synth_final.tcl) 16: write_sdc -strict > $OUT_DIR/counter4bit_synth.sdc
Finished SDC export (command execution time mm:ss (real) = 00:01).
@file(synth_final.tcl) 17: write_db $OUT_DIR/counter4bit_synth.db
Finished exporting design database to file './counter4bit_synth.db' for 'counter4bit' (command execution time mm:ss cpu = 00:00, real = 00:00).
#@ End verbose source synth_final.tcl
#@ End verbose source synth.tcl
@genus:root: 2> report_timing
Warning : Timing problems have been detected in this design. [TIM-11]
        : The design is 'counter4bit'.
============================================================
  Generated by:           Genus(TM) Synthesis Solution 19.14-s108_1
  Generated on:           Dec 06 2024  10:09:30 am
  Module:                 counter4bit
  Operating conditions:   _nominal_ (balanced_tree)
  Wireload mode:          enclosed
  Area mode:              timing library
============================================================


Path 1: MET (8166 ps) Setup Check with Pin count_reg[1]/CK->D
          Group: clk
     Startpoint: (R) count_reg[1]/CK
          Clock: (R) clk
       Endpoint: (R) count_reg[1]/D
          Clock: (R) clk

                     Capture       Launch     
        Clock Edge:+   10000            0     
       Src Latency:+       0            0     
       Net Latency:+       0 (I)        0 (I) 
           Arrival:=   10000            0     
                                              
             Setup:-     137                  
     Required Time:=    9863                  
      Launch Clock:-       0                  
         Data Path:-    1696                  
             Slack:=    8166                  

#-----------------------------------------------------------------------------------------
#  Timing Point   Flags   Arc   Edge   Cell     Fanout  Load Trans Delay Arrival Instance 
#                                                       (fF)  (ps)  (ps)   (ps)  Location 
#-----------------------------------------------------------------------------------------
  count_reg[1]/CK -       -     R     (arrival)      4     -     0     -       0    (-,-) 
  count_reg[1]/Q  -       CK->Q R     QDFFEHD        4  17.9   195   271     271    (-,-) 
  g517/O          -       I->O  R     BUFHHD         2 505.6  2364  1120    1391    (-,-) 
  g504__6783/O    -       A1->O F     OAI12CHD       1   3.5   403   175    1566    (-,-) 
  g502__4319/O    -       A1->O R     OAI12CHD       1   3.2   227   130    1696    (-,-) 
  count_reg[1]/D  <<<     -     R     QDFFEHD        1     -     -     0    1696    (-,-) 
#-----------------------------------------------------------------------------------------

@genus:root: 3> exit
