
Cadence Innovus(TM) Implementation System.
Copyright 2020 Cadence Design Systems, Inc. All rights reserved worldwide.

Version:	v20.11-s130_1, built Wed Aug 5 15:53:11 PDT 2020
Options:	
Date:		Thu Jan 16 20:24:12 2025
Host:		fatima.novalocal (x86_64 w/Linux 3.10.0-1160.99.1.el7.x86_64) (1core*4cpus*Intel(R) Xeon(R) CPU E5-2630 v3 @ 2.40GHz 16384KB)
OS:		CentOS Linux release 7.9.2009 (Core)

License:
		invs	Innovus Implementation System	20.1	checkout succeeded
		8 CPU jobs allowed with the current license(s). Use setMultiCpuUsage to set your required CPU count.
**WARN: (IMPOPT-801):	Genus executable not found in PATH. Install Genus, add the path to the genus executable in the PATH variable and rerun Innovus.
Change the soft stacksize limit to 0.2%RAM (31 mbytes). Set global soft_stack_size_limit to change the value.

**INFO:  MMMC transition support version v31-84 

<CMD> set_global _enable_mmmc_by_default_flow      $CTE::mmmc_default
<CMD> suppressMessage ENCEXT-2799
<CMD> win
<CMD> set init_gnd_net dgnd
<CMD> set init_io_file FULLCHIP.save.io
<CMD> set init_lef_file {../lef_libs/header8m2t_V55.lef FULLCHIPcore.lef foc0h_a33_t33_generic_io.8m2t.lef  }
<CMD> set init_oa_search_lib {}
<CMD> set init_original_verilog_files FULLCHIP.v
<CMD> set init_pwr_net dvdd
<CMD> set init_top_cell FULLCHIP
<CMD> set init_verilog FULLCHIP.v
<CMD> set init_gnd_net pgnd
<CMD> set init_lef_file {../lef_libs/header8m2t_V55.lef FULLCHIPcore.lef foc0h_a33_t33_generic_io.8m2t.lef  foc0h_a33_t12_analogesd_io.8m2t.lef}
<CMD> init_design

Loading LEF file ../lef_libs/header8m2t_V55.lef ...

Loading LEF file FULLCHIPcore.lef ...
Set DBUPerIGU to M2 pitch 400.

Loading LEF file foc0h_a33_t33_generic_io.8m2t.lef ...
WARNING (LEFPARS-2003): BUSBITCHARS is a required statement on LEF file with version 5.5 and earlier.
Without BUSBITCHARS defined, the LEF file is technically incorrect.
Refer the LEF/DEF 5.5 or earlier Language Referece manual on how to define this statement. See file foc0h_a33_t33_generic_io.8m2t.lef at line 3894.
WARNING (LEFPARS-2004): DIVIDERCHAR is a required statementon LEF file with version 5.5 and earlier.
Without DIVIDECHAR defined, the LEF file is technically incorrect.
Refer the LEF/DEF 5.5 or earlier Language Referece manual on how to define this statement. See file foc0h_a33_t33_generic_io.8m2t.lef at line 3894.

Loading LEF file foc0h_a33_t12_analogesd_io.8m2t.lef ...
WARNING (LEFPARS-2003): BUSBITCHARS is a required statement on LEF file with version 5.5 and earlier.
Without BUSBITCHARS defined, the LEF file is technically incorrect.
Refer the LEF/DEF 5.5 or earlier Language Referece manual on how to define this statement. See file foc0h_a33_t12_analogesd_io.8m2t.lef at line 1286.
WARNING (LEFPARS-2004): DIVIDERCHAR is a required statementon LEF file with version 5.5 and earlier.
Without DIVIDECHAR defined, the LEF file is technically incorrect.
Refer the LEF/DEF 5.5 or earlier Language Referece manual on how to define this statement. See file foc0h_a33_t12_analogesd_io.8m2t.lef at line 1286.

viaInitial starts at Thu Jan 16 20:25:13 2025
viaInitial ends at Thu Jan 16 20:25:13 2025

##  Check design process and node:  
##  Both design process and tech node are not set.

*** End library_loading (cpu=0.00min, real=0.00min, mem=0.0M, fe_cpu=0.42min, fe_real=1.02min, fe_mem=736.9M) ***
#% Begin Load netlist data ... (date=01/16 20:25:13, mem=615.7M)
*** Begin netlist parsing (mem=736.9M) ***
Created 0 new cells from 0 timing libraries.
Reading netlist ...
Backslashed names will retain backslash and a trailing blank character.
Reading verilog netlist 'FULLCHIP.v'

*** Memory Usage v#2 (Current mem = 738.930M, initial mem = 272.281M) ***
*** End netlist parsing (cpu=0:00:00.0, real=0:00:00.0, mem=738.9M) ***
#% End Load netlist data ... (date=01/16 20:25:13, total cpu=0:00:00.1, real=0:00:00.0, peak res=619.0M, current mem=619.0M)
Set top cell to FULLCHIP.
Hooked 0 DB cells to tlib cells.
Starting recursive module instantiation check.
No recursion found.
Building hierarchical netlist for Cell FULLCHIP ...
*** Netlist is unique.
**WARN: (IMPTRN-1101):	Could not determine power-rail locations in cells. Use default value GNDOnBtm.
** info: there are 57 modules.
** info: there are 0 stdCell insts.
** info: there are 15 Pad insts.
** info: there are 1 macros.

*** Memory Usage v#2 (Current mem = 785.859M, initial mem = 272.281M) ***
Reading IO assignment file "FULLCHIP.save.io" ...
**WARN: (IMPFP-3961):	The techSite 'iocore_d' has no related standard cells in LEF/OA library. Cannot make calculations for this site type unless standard cell models of this type exist in the LEF/OA library. If the SITE is not used by the library you can ignore this warning or remove the SITE definition from the LEF/OA to avoid this message.
Type 'man IMPFP-3961' for more detail.
**WARN: (IMPFP-3961):	The techSite 'iocore_c' has no related standard cells in LEF/OA library. Cannot make calculations for this site type unless standard cell models of this type exist in the LEF/OA library. If the SITE is not used by the library you can ignore this warning or remove the SITE definition from the LEF/OA to avoid this message.
Type 'man IMPFP-3961' for more detail.
**WARN: (IMPFP-3961):	The techSite 'corner_ab' has no related standard cells in LEF/OA library. Cannot make calculations for this site type unless standard cell models of this type exist in the LEF/OA library. If the SITE is not used by the library you can ignore this warning or remove the SITE definition from the LEF/OA to avoid this message.
Type 'man IMPFP-3961' for more detail.
**WARN: (IMPFP-3961):	The techSite 'corner_b' has no related standard cells in LEF/OA library. Cannot make calculations for this site type unless standard cell models of this type exist in the LEF/OA library. If the SITE is not used by the library you can ignore this warning or remove the SITE definition from the LEF/OA to avoid this message.
Type 'man IMPFP-3961' for more detail.
**WARN: (IMPFP-3961):	The techSite 'corner_a' has no related standard cells in LEF/OA library. Cannot make calculations for this site type unless standard cell models of this type exist in the LEF/OA library. If the SITE is not used by the library you can ignore this warning or remove the SITE definition from the LEF/OA to avoid this message.
Type 'man IMPFP-3961' for more detail.
**WARN: (IMPFP-3961):	The techSite 'iocore_o' has no related standard cells in LEF/OA library. Cannot make calculations for this site type unless standard cell models of this type exist in the LEF/OA library. If the SITE is not used by the library you can ignore this warning or remove the SITE definition from the LEF/OA to avoid this message.
Type 'man IMPFP-3961' for more detail.
**WARN: (IMPFP-3961):	The techSite 'iocore_n' has no related standard cells in LEF/OA library. Cannot make calculations for this site type unless standard cell models of this type exist in the LEF/OA library. If the SITE is not used by the library you can ignore this warning or remove the SITE definition from the LEF/OA to avoid this message.
Type 'man IMPFP-3961' for more detail.
**WARN: (IMPFP-3961):	The techSite 'iocore_k' has no related standard cells in LEF/OA library. Cannot make calculations for this site type unless standard cell models of this type exist in the LEF/OA library. If the SITE is not used by the library you can ignore this warning or remove the SITE definition from the LEF/OA to avoid this message.
Type 'man IMPFP-3961' for more detail.
**WARN: (IMPFP-3961):	The techSite 'iocore_bs' has no related standard cells in LEF/OA library. Cannot make calculations for this site type unless standard cell models of this type exist in the LEF/OA library. If the SITE is not used by the library you can ignore this warning or remove the SITE definition from the LEF/OA to avoid this message.
Type 'man IMPFP-3961' for more detail.
**WARN: (IMPFP-3961):	The techSite 'iocore_as' has no related standard cells in LEF/OA library. Cannot make calculations for this site type unless standard cell models of this type exist in the LEF/OA library. If the SITE is not used by the library you can ignore this warning or remove the SITE definition from the LEF/OA to avoid this message.
Type 'man IMPFP-3961' for more detail.
**WARN: (IMPFP-3961):	The techSite 'iocore_b' has no related standard cells in LEF/OA library. Cannot make calculations for this site type unless standard cell models of this type exist in the LEF/OA library. If the SITE is not used by the library you can ignore this warning or remove the SITE definition from the LEF/OA to avoid this message.
Type 'man IMPFP-3961' for more detail.
**WARN: (IMPFP-3961):	The techSite 'iocore_a' has no related standard cells in LEF/OA library. Cannot make calculations for this site type unless standard cell models of this type exist in the LEF/OA library. If the SITE is not used by the library you can ignore this warning or remove the SITE definition from the LEF/OA to avoid this message.
Type 'man IMPFP-3961' for more detail.
**WARN: (IMPFP-3961):	The techSite 'corega_3200' has no related standard cells in LEF/OA library. Cannot make calculations for this site type unless standard cell models of this type exist in the LEF/OA library. If the SITE is not used by the library you can ignore this warning or remove the SITE definition from the LEF/OA to avoid this message.
Type 'man IMPFP-3961' for more detail.
**WARN: (IMPFP-3961):	The techSite 'core_2800' has no related standard cells in LEF/OA library. Cannot make calculations for this site type unless standard cell models of this type exist in the LEF/OA library. If the SITE is not used by the library you can ignore this warning or remove the SITE definition from the LEF/OA to avoid this message.
Type 'man IMPFP-3961' for more detail.
**WARN: (IMPFP-3961):	The techSite 'core_3200' has no related standard cells in LEF/OA library. Cannot make calculations for this site type unless standard cell models of this type exist in the LEF/OA library. If the SITE is not used by the library you can ignore this warning or remove the SITE definition from the LEF/OA to avoid this message.
Type 'man IMPFP-3961' for more detail.
**WARN: (IMPFP-3961):	The techSite 'core' has no related standard cells in LEF/OA library. Cannot make calculations for this site type unless standard cell models of this type exist in the LEF/OA library. If the SITE is not used by the library you can ignore this warning or remove the SITE definition from the LEF/OA to avoid this message.
Type 'man IMPFP-3961' for more detail.
**WARN: (IMPFP-3961):	The techSite 'iocore_d' has no related standard cells in LEF/OA library. Cannot make calculations for this site type unless standard cell models of this type exist in the LEF/OA library. If the SITE is not used by the library you can ignore this warning or remove the SITE definition from the LEF/OA to avoid this message.
Type 'man IMPFP-3961' for more detail.
**WARN: (IMPFP-3961):	The techSite 'iocore_c' has no related standard cells in LEF/OA library. Cannot make calculations for this site type unless standard cell models of this type exist in the LEF/OA library. If the SITE is not used by the library you can ignore this warning or remove the SITE definition from the LEF/OA to avoid this message.
Type 'man IMPFP-3961' for more detail.
**WARN: (IMPFP-3961):	The techSite 'corner_ab' has no related standard cells in LEF/OA library. Cannot make calculations for this site type unless standard cell models of this type exist in the LEF/OA library. If the SITE is not used by the library you can ignore this warning or remove the SITE definition from the LEF/OA to avoid this message.
Type 'man IMPFP-3961' for more detail.
**WARN: (IMPFP-3961):	The techSite 'corner_b' has no related standard cells in LEF/OA library. Cannot make calculations for this site type unless standard cell models of this type exist in the LEF/OA library. If the SITE is not used by the library you can ignore this warning or remove the SITE definition from the LEF/OA to avoid this message.
Type 'man IMPFP-3961' for more detail.
**WARN: (EMS-27):	Message (IMPFP-3961) has exceeded the current message display limit of 20.
To increase the message display limit, refer to the product command reference manual.
Set Default Net Delay as 1000 ps.
Set Default Net Load as 0.5 pF. 
Set Default Input Pin Transition as 0.1 ps.
Pre-connect netlist-defined P/G connections...
  Updated 3 instances.
**WARN: (IMPSYT-7328):	The design has been initialized in physical-only mode because the init_mmmc_file global variable was not defined. Timing analysis will not be possible within this session. You can only use commands that do not depend on timing data. If you need to use timing, you need to restart with an init_mmmc_file to define the timing setup, or you can save this design and use restoreDesign -mmmc_file <viewDef.tcl> to add the timing setup information.
Extraction setup Started 

*** Summary of all messages that are not suppressed in this session:
Severity  ID               Count  Summary                                  
WARNING   IMPTRN-1101          1  Could not determine power-rail locations...
WARNING   IMPFP-3961          32  The techSite '%s' has no related standar...
WARNING   IMPSYT-7328          1  The design has been initialized in physi...
*** Message Summary: 34 warning(s), 0 error(s)

<CMD> floorPlan -site core_2800 -d 1250.0 800.0 6.0 6.0 6.0 6.0
**WARN: (IMPFP-3961):	The techSite 'iocore_d' has no related standard cells in LEF/OA library. Cannot make calculations for this site type unless standard cell models of this type exist in the LEF/OA library. If the SITE is not used by the library you can ignore this warning or remove the SITE definition from the LEF/OA to avoid this message.
Type 'man IMPFP-3961' for more detail.
**WARN: (IMPFP-3961):	The techSite 'iocore_c' has no related standard cells in LEF/OA library. Cannot make calculations for this site type unless standard cell models of this type exist in the LEF/OA library. If the SITE is not used by the library you can ignore this warning or remove the SITE definition from the LEF/OA to avoid this message.
Type 'man IMPFP-3961' for more detail.
**WARN: (IMPFP-3961):	The techSite 'corner_ab' has no related standard cells in LEF/OA library. Cannot make calculations for this site type unless standard cell models of this type exist in the LEF/OA library. If the SITE is not used by the library you can ignore this warning or remove the SITE definition from the LEF/OA to avoid this message.
Type 'man IMPFP-3961' for more detail.
**WARN: (IMPFP-3961):	The techSite 'corner_b' has no related standard cells in LEF/OA library. Cannot make calculations for this site type unless standard cell models of this type exist in the LEF/OA library. If the SITE is not used by the library you can ignore this warning or remove the SITE definition from the LEF/OA to avoid this message.
Type 'man IMPFP-3961' for more detail.
**WARN: (IMPFP-3961):	The techSite 'corner_a' has no related standard cells in LEF/OA library. Cannot make calculations for this site type unless standard cell models of this type exist in the LEF/OA library. If the SITE is not used by the library you can ignore this warning or remove the SITE definition from the LEF/OA to avoid this message.
Type 'man IMPFP-3961' for more detail.
**WARN: (IMPFP-3961):	The techSite 'iocore_o' has no related standard cells in LEF/OA library. Cannot make calculations for this site type unless standard cell models of this type exist in the LEF/OA library. If the SITE is not used by the library you can ignore this warning or remove the SITE definition from the LEF/OA to avoid this message.
Type 'man IMPFP-3961' for more detail.
**WARN: (IMPFP-3961):	The techSite 'iocore_n' has no related standard cells in LEF/OA library. Cannot make calculations for this site type unless standard cell models of this type exist in the LEF/OA library. If the SITE is not used by the library you can ignore this warning or remove the SITE definition from the LEF/OA to avoid this message.
Type 'man IMPFP-3961' for more detail.
**WARN: (IMPFP-3961):	The techSite 'iocore_k' has no related standard cells in LEF/OA library. Cannot make calculations for this site type unless standard cell models of this type exist in the LEF/OA library. If the SITE is not used by the library you can ignore this warning or remove the SITE definition from the LEF/OA to avoid this message.
Type 'man IMPFP-3961' for more detail.
**WARN: (IMPFP-3961):	The techSite 'iocore_bs' has no related standard cells in LEF/OA library. Cannot make calculations for this site type unless standard cell models of this type exist in the LEF/OA library. If the SITE is not used by the library you can ignore this warning or remove the SITE definition from the LEF/OA to avoid this message.
Type 'man IMPFP-3961' for more detail.
**WARN: (IMPFP-3961):	The techSite 'iocore_as' has no related standard cells in LEF/OA library. Cannot make calculations for this site type unless standard cell models of this type exist in the LEF/OA library. If the SITE is not used by the library you can ignore this warning or remove the SITE definition from the LEF/OA to avoid this message.
Type 'man IMPFP-3961' for more detail.
**WARN: (IMPFP-3961):	The techSite 'iocore_b' has no related standard cells in LEF/OA library. Cannot make calculations for this site type unless standard cell models of this type exist in the LEF/OA library. If the SITE is not used by the library you can ignore this warning or remove the SITE definition from the LEF/OA to avoid this message.
Type 'man IMPFP-3961' for more detail.
**WARN: (IMPFP-3961):	The techSite 'iocore_a' has no related standard cells in LEF/OA library. Cannot make calculations for this site type unless standard cell models of this type exist in the LEF/OA library. If the SITE is not used by the library you can ignore this warning or remove the SITE definition from the LEF/OA to avoid this message.
Type 'man IMPFP-3961' for more detail.
**WARN: (IMPFP-3961):	The techSite 'corega_3200' has no related standard cells in LEF/OA library. Cannot make calculations for this site type unless standard cell models of this type exist in the LEF/OA library. If the SITE is not used by the library you can ignore this warning or remove the SITE definition from the LEF/OA to avoid this message.
Type 'man IMPFP-3961' for more detail.
**WARN: (IMPFP-3961):	The techSite 'core_2800' has no related standard cells in LEF/OA library. Cannot make calculations for this site type unless standard cell models of this type exist in the LEF/OA library. If the SITE is not used by the library you can ignore this warning or remove the SITE definition from the LEF/OA to avoid this message.
Type 'man IMPFP-3961' for more detail.
**WARN: (IMPFP-3961):	The techSite 'core_3200' has no related standard cells in LEF/OA library. Cannot make calculations for this site type unless standard cell models of this type exist in the LEF/OA library. If the SITE is not used by the library you can ignore this warning or remove the SITE definition from the LEF/OA to avoid this message.
Type 'man IMPFP-3961' for more detail.
**WARN: (IMPFP-3961):	The techSite 'core' has no related standard cells in LEF/OA library. Cannot make calculations for this site type unless standard cell models of this type exist in the LEF/OA library. If the SITE is not used by the library you can ignore this warning or remove the SITE definition from the LEF/OA to avoid this message.
Type 'man IMPFP-3961' for more detail.
**WARN: (IMPFP-3961):	The techSite 'iocore_d' has no related standard cells in LEF/OA library. Cannot make calculations for this site type unless standard cell models of this type exist in the LEF/OA library. If the SITE is not used by the library you can ignore this warning or remove the SITE definition from the LEF/OA to avoid this message.
Type 'man IMPFP-3961' for more detail.
**WARN: (IMPFP-3961):	The techSite 'iocore_c' has no related standard cells in LEF/OA library. Cannot make calculations for this site type unless standard cell models of this type exist in the LEF/OA library. If the SITE is not used by the library you can ignore this warning or remove the SITE definition from the LEF/OA to avoid this message.
Type 'man IMPFP-3961' for more detail.
**WARN: (IMPFP-3961):	The techSite 'corner_ab' has no related standard cells in LEF/OA library. Cannot make calculations for this site type unless standard cell models of this type exist in the LEF/OA library. If the SITE is not used by the library you can ignore this warning or remove the SITE definition from the LEF/OA to avoid this message.
Type 'man IMPFP-3961' for more detail.
**WARN: (IMPFP-3961):	The techSite 'corner_b' has no related standard cells in LEF/OA library. Cannot make calculations for this site type unless standard cell models of this type exist in the LEF/OA library. If the SITE is not used by the library you can ignore this warning or remove the SITE definition from the LEF/OA to avoid this message.
Type 'man IMPFP-3961' for more detail.
**WARN: (EMS-27):	Message (IMPFP-3961) has exceeded the current message display limit of 20.
To increase the message display limit, refer to the product command reference manual.
**WARN: (IMPFP-325):	Floorplan of the design is resized. All current floorplan objects are automatically derived based on specified new floorplan. This may change blocks, fixed standard cells, existing routes and blockages.
<CMD> placeInstance core_instance 200.0 200.0
<CMD> add_ndr -width {metal1 2.0 metal2 2.0 metal3 2.0 metal4 2.0 metal5 2.0 metal6 2.0 metal7 2.0 metal8 2.0 } -spacing {metal1 0.4 metal2 0.4 metal3 0.4 metal4 0.4 metal5 0.4 metal6 0.4 metal7 0.4 metal8 0.4 } -min_cut {via2 1 via3 1 via4 1 via5 1 via6 1 via7 1 } -add_via {VIAM1M2A VIAM2M3 VIAM3M4 VIAM4M5 VIAM5M6 VIAM6M7 VIAM7M8 genm1m2_w genm1m2a genm1m2b genm2m3_w genm2m3a genm2m3b genm3m4_w genm3m4a genm3m4b genm4m5_w genm4m5a genm4m5b genm5m6_w genm5m6a genm5m6b genm6m7_w genm6m7a genm6m7b genm7m8_w genm7m8a genm7m8b} -name pwr
<CMD> setAttribute -net avdd -non_default_rule pwr
#WARNING (NRDB-537) Cannot find net avdd
<CMD> setAttribute -net pgnd -non_default_rule pwr
<CMD> setAttribute -net dvdd -non_default_rule pwr
<CMD> clearGlobalNets
Pre-connect netlist-defined P/G connections...
  Updated 3 instances.
<CMD> globalNetConnect dvdd -type tiehi -instanceBasename *
<CMD> globalNetConnect pgnd -type tielo -instanceBasename *
<CMD> addIoFiller -cell EMPTY8HB
Added 0 of filler cell 'EMPTY8HB' on top side.
Added 0 of filler cell 'EMPTY8HB' on left side.
Added 0 of filler cell 'EMPTY8HB' on bottom side.
Added 0 of filler cell 'EMPTY8HB' on right side.
<CMD> addIoFiller -cell EMPTY4HB
Added 0 of filler cell 'EMPTY4HB' on top side.
Added 0 of filler cell 'EMPTY4HB' on left side.
Added 0 of filler cell 'EMPTY4HB' on bottom side.
Added 0 of filler cell 'EMPTY4HB' on right side.
<CMD> addIoFiller -cell EMPTY2HB
Added 0 of filler cell 'EMPTY2HB' on top side.
Added 0 of filler cell 'EMPTY2HB' on left side.
Added 0 of filler cell 'EMPTY2HB' on bottom side.
Added 0 of filler cell 'EMPTY2HB' on right side.
<CMD> addIoFiller -cell EMPTY1HB
Added 0 of filler cell 'EMPTY1HB' on top side.
Added 0 of filler cell 'EMPTY1HB' on left side.
Added 0 of filler cell 'EMPTY1HB' on bottom side.
Added 0 of filler cell 'EMPTY1HB' on right side.
<CMD> globalNetConnect pgnd -type pgpin -pin GND -instanceBasename * -hierarchicalInstance {}
<CMD> globalNetConnect dvdd -type pgpin -pin VCC -instanceBasename * -hierarchicalInstance {}
<CMD> setSrouteMode -viaConnectToShape { noshape }
<CMD> sroute -connect { blockPin padPin padRing corePin floatingStripe } -layerChangeRange { metal1(1) metal8(8) } -blockPinTarget { nearestTarget } -padPinPortConnect { allPort oneGeom } -padPinTarget { nearestTarget } -corePinTarget { firstAfterRowEnd } -floatingStripeTarget { blockring padring ring stripe ringpin blockpin followpin } -allowJogging 1 -crossoverViaLayerRange { metal1(1) metal8(8) } -nets { dvdd } -allowLayerChange 1 -blockPin useLef -targetViaLayerRange { metal1(1) metal8(8) }
#% Begin sroute (date=01/16 20:25:17, mem=848.6M)
*** Begin SPECIAL ROUTE on Thu Jan 16 20:25:18 2025 ***
SPECIAL ROUTE ran on directory: /afs/.ist.utl.pt/users/9/7/ist1112497/DIGITAL/TOP/BATCHARGER/FULLCHIP_files
SPECIAL ROUTE ran on machine: fatima.novalocal (Linux 3.10.0-1160.99.1.el7.x86_64 Xeon 2.40Ghz)

Begin option processing ...
srouteConnectPowerBump set to false
routeSelectNet set to "dvdd"
routeSpecial set to true
srouteBlockPin set to "useLef"
srouteBottomLayerLimit set to 1
srouteBottomTargetLayerLimit set to 1
srouteConnectConverterPin set to false
srouteCrossoverViaBottomLayer set to 1
srouteCrossoverViaTopLayer set to 8
srouteFloatingStripeTarget set to "blockring padring ring stripe ringpin blockpin followpin"
srouteFollowCorePinEnd set to 3
srouteJogControl set to "preferWithChanges differentLayer"
srouteNoViaOnWireShape set to "padring ring stripe blockring blockpin coverpin blockwire corewire followpin iowire"
sroutePadPinAllPorts set to true
sroutePreserveExistingRoutes set to true
srouteRoutePowerBarPortOnBothDir set to true
srouteStopBlockPin set to "nearestTarget"
srouteTopLayerLimit set to 8
srouteTopTargetLayerLimit set to 8
End option processing: cpu: 0:00:00, real: 0:00:00, peak: 2085.00 megs.

Reading DB technology information...
Finished reading DB technology information.
Reading floorplan and netlist information...
Finished reading floorplan and netlist information.
Read in 16 layers, 8 routing layers, 1 overlap layer
Read in 13 macros, 13 used
Read in 640 components
  639 pad components: 0 unplaced, 621 placed, 18 fixed
  1 block/ring components: 0 unplaced, 0 placed, 1 fixed
Read in 12 logical pins
Read in 1 blockages
Read in 12 nets
Read in 3 special nets
Read in 5 terminals
1 net selected.

Begin power routing ...
**WARN: (IMPSR-1253):	Unable to find any standard cell pin connected to the dvdd net.
 Run the globalNetConnect command or change the CPF file to ensure that the netlist reflects the correct power ground connections. The standard cell pins must be defined as 'USE POWER' or 'USE GROUND' for the connection.
**WARN: (IMPSR-2031):	For net dvdd, no suitable cell can be taken as reference cell for followpin generation at (158.000 158.000) (1092.000 160.800). Specify option -corePinLayer to generate followpin on metal3 or above layers. Similar warnings suppressed.
**WARN: (IMPSR-1255):	Cannot find any non 'CLASS CORE' pad pin of net dvdd. Use 'CLASS CORE' pad pins of net dvdd to create pad ring.
**WARN: (IMPSR-2031):	For net dvdd, no suitable cell can be taken as reference cell for followpin generation at (158.000 158.000) (1092.000 160.800). Specify option -corePinLayer to generate followpin on metal3 or above layers. Similar warnings suppressed.
  Number of IO ports routed: 0  open: 3
  Number of Block ports routed: 0  open: 1
  Number of Stripe ports routed: 0
  Number of Core ports routed: 0
  Number of Pad ports routed: 0
  Number of Power Bump ports routed: 0
  Number of Pad Ring connections: 2
End power routing: cpu: 0:00:00, real: 0:00:00, peak: 2100.00 megs.



 Begin updating DB with routing results ...
 Updating DB with 0 via definition ...Extracting standard cell pins and blockage ...... 
Pin and blockage extraction finished

sroute created 2 wires.
ViaGen created 0 via, deleted 0 via to avoid violation.
+--------+----------------+----------------+
|  Layer |     Created    |     Deleted    |
+--------+----------------+----------------+
| metal8 |        2       |       NA       |
+--------+----------------+----------------+
#% End sroute (date=01/16 20:25:18, total cpu=0:00:00.2, real=0:00:00.0, peak res=868.0M, current mem=862.1M)
<CMD> setSrouteMode -viaConnectToShape { noshape }
<CMD> sroute -connect { blockPin padPin padRing corePin floatingStripe } -layerChangeRange { metal1(1) metal8(8) } -blockPinTarget { nearestTarget } -padPinPortConnect { allPort oneGeom } -padPinTarget { nearestTarget } -corePinTarget { firstAfterRowEnd } -floatingStripeTarget { blockring padring ring stripe ringpin blockpin followpin } -allowJogging 1 -crossoverViaLayerRange { metal1(1) metal8(8) } -nets { pgnd } -allowLayerChange 1 -blockPin useLef -targetViaLayerRange { metal1(1) metal8(8) }
#% Begin sroute (date=01/16 20:25:18, mem=862.1M)
*** Begin SPECIAL ROUTE on Thu Jan 16 20:25:18 2025 ***
SPECIAL ROUTE ran on directory: /afs/.ist.utl.pt/users/9/7/ist1112497/DIGITAL/TOP/BATCHARGER/FULLCHIP_files
SPECIAL ROUTE ran on machine: fatima.novalocal (Linux 3.10.0-1160.99.1.el7.x86_64 Xeon 2.40Ghz)

Begin option processing ...
srouteConnectPowerBump set to false
routeSelectNet set to "pgnd"
routeSpecial set to true
srouteBlockPin set to "useLef"
srouteBottomLayerLimit set to 1
srouteBottomTargetLayerLimit set to 1
srouteConnectConverterPin set to false
srouteCrossoverViaBottomLayer set to 1
srouteCrossoverViaTopLayer set to 8
srouteFloatingStripeTarget set to "blockring padring ring stripe ringpin blockpin followpin"
srouteFollowCorePinEnd set to 3
srouteJogControl set to "preferWithChanges differentLayer"
srouteNoViaOnWireShape set to "padring ring stripe blockring blockpin coverpin blockwire corewire followpin iowire"
sroutePadPinAllPorts set to true
sroutePreserveExistingRoutes set to true
srouteRoutePowerBarPortOnBothDir set to true
srouteStopBlockPin set to "nearestTarget"
srouteTopLayerLimit set to 8
srouteTopTargetLayerLimit set to 8
End option processing: cpu: 0:00:00, real: 0:00:00, peak: 2100.00 megs.

Reading DB technology information...
Finished reading DB technology information.
Reading floorplan and netlist information...
Finished reading floorplan and netlist information.
Read in 16 layers, 8 routing layers, 1 overlap layer
Read in 13 macros, 13 used
Read in 640 components
  639 pad components: 0 unplaced, 621 placed, 18 fixed
  1 block/ring components: 0 unplaced, 0 placed, 1 fixed
Read in 12 logical pins
Read in 1 blockages
Read in 12 nets
Read in 3 special nets, 1 routed
Read in 5 terminals
1 net selected.

Begin power routing ...
**WARN: (IMPSR-1253):	Unable to find any standard cell pin connected to the pgnd net.
 Run the globalNetConnect command or change the CPF file to ensure that the netlist reflects the correct power ground connections. The standard cell pins must be defined as 'USE POWER' or 'USE GROUND' for the connection.
**WARN: (IMPSR-2031):	For net pgnd, no suitable cell can be taken as reference cell for followpin generation at (158.000 158.000) (1092.000 160.800). Specify option -corePinLayer to generate followpin on metal3 or above layers. Similar warnings suppressed.
**WARN: (IMPSR-1255):	Cannot find any non 'CLASS CORE' pad pin of net pgnd. Use 'CLASS CORE' pad pins of net pgnd to create pad ring.
**WARN: (IMPSR-2031):	For net pgnd, no suitable cell can be taken as reference cell for followpin generation at (158.000 158.000) (1092.000 160.800). Specify option -corePinLayer to generate followpin on metal3 or above layers. Similar warnings suppressed.
  Number of IO ports routed: 0  open: 3
  Number of Block ports routed: 0  open: 1
  Number of Stripe ports routed: 0
  Number of Core ports routed: 0
  Number of Pad ports routed: 0
  Number of Power Bump ports routed: 0
  Number of Pad Ring connections: 2
End power routing: cpu: 0:00:00, real: 0:00:00, peak: 2103.00 megs.



 Begin updating DB with routing results ...
 Updating DB with 0 via definition ...
sroute created 2 wires.
ViaGen created 0 via, deleted 0 via to avoid violation.
+--------+----------------+----------------+
|  Layer |     Created    |     Deleted    |
+--------+----------------+----------------+
| metal8 |        2       |       NA       |
+--------+----------------+----------------+
#% End sroute (date=01/16 20:25:18, total cpu=0:00:00.1, real=0:00:00.0, peak res=871.2M, current mem=862.7M)
<CMD> setAttribute -net iforcedbat -shield_net pgnd
<CMD> selectNet -shield
<CMD> routeDesign -selected
#% Begin routeDesign (date=01/16 20:25:18, mem=862.7M)
#routeDesign: cpu time = 00:00:00, elapsed time = 00:00:00, memory = 862.76 (MB), peak = 871.18 (MB)
**INFO: User settings:
setNanoRouteMode -extractThirdPartyCompatible                   false
setNanoRouteMode -grouteExpTdUseTifTimingEngineForImportDesign  true
setNanoRouteMode -routeSelectedNetOnly                          true
setDelayCalMode -engine                                         aae

#**INFO: setDesignMode -flowEffort standard
#**INFO: multi-cut via swapping will be performed after routing.
#**INFO: All auto set options tuned by routeDesign will be restored to their original settings on command completion.
**WARN: (IMPTRN-1101):	Could not determine power-rail locations in cells. Use default value GNDOnBtm.
Begin checking placement ... (start mem=1013.9M, init mem=1023.6M)
*info: Placed = 1              (Fixed = 1)
*info: Unplaced = 0           
Placement Density:0.00%(0/135318)
Placement Density (including fixed std cells):0.00%(0/135318)
Finished checkPlace (total: cpu=0:00:00.0, real=0:00:00.0; vio checks: cpu=0:00:00.0, real=0:00:00.0; mem=1023.6M)

changeUseClockNetStatus Option :  -noFixedNetWires 
*** Changed status on (0) nets in Clock.
*** End changeUseClockNetStatus (cpu=0:00:00.0, real=0:00:00.0, mem=1023.6M) ***
#**INFO: auto set of droutePostRouteSwapVia to multiCut
% Begin globalDetailRoute (date=01/16 20:25:18, mem=866.3M)

globalDetailRoute

#Start globalDetailRoute on Thu Jan 16 20:25:18 2025
#
#Generating timing data, please wait...
#17 total nets, 0 already routed, 0 will ignore in trialRoute
**ERROR: Design must be placed before running Early Global Route
#Dump tif for version 2.1
**ERROR: (IMPDC-634):	Failed to build the timing graph since timing library files have not yet been loaded. To resolve this, check that timing library files have been correctly specified in the loaded design database.
Total number of fetched objects 21
End delay calculation. (MEM=1072.45 CPU=0:00:00.0 REAL=0:00:00.0)
#Generating timing data took: cpu time = 00:00:01, elapsed time = 00:00:01, memory = 837.16 (MB), peak = 914.52 (MB)
#Done generating timing data.
#WARNING (NRIG-39) NanoRoute cannot route to pin PIN/vsensbat of net vsensbat because it might be a logical pin and does not have physical shapes. To fix the problem, check the pin connection in the netlist and ensure the pin shapes exist in the floorplan.
#WARNING (NRIG-39) NanoRoute cannot route to pin PIN/vin of net vin because it might be a logical pin and does not have physical shapes. To fix the problem, check the pin connection in the netlist and ensure the pin shapes exist in the floorplan.
#WARNING (NRIG-39) NanoRoute cannot route to pin PIN/vbattemp of net vbattemp because it might be a logical pin and does not have physical shapes. To fix the problem, check the pin connection in the netlist and ensure the pin shapes exist in the floorplan.
#WARNING (NRIG-39) NanoRoute cannot route to pin PIN/en of net en because it might be a logical pin and does not have physical shapes. To fix the problem, check the pin connection in the netlist and ensure the pin shapes exist in the floorplan.
#WARNING (NRIG-39) NanoRoute cannot route to pin PIN/iforcedbat of net iforcedbat because it might be a logical pin and does not have physical shapes. To fix the problem, check the pin connection in the netlist and ensure the pin shapes exist in the floorplan.
#WARNING (NRIG-39) NanoRoute cannot route to pin PIN/sel[3] of net sel[3] because it might be a logical pin and does not have physical shapes. To fix the problem, check the pin connection in the netlist and ensure the pin shapes exist in the floorplan.
#WARNING (NRIG-39) NanoRoute cannot route to pin PIN/sel[2] of net sel[2] because it might be a logical pin and does not have physical shapes. To fix the problem, check the pin connection in the netlist and ensure the pin shapes exist in the floorplan.
#WARNING (NRIG-39) NanoRoute cannot route to pin PIN/sel[1] of net sel[1] because it might be a logical pin and does not have physical shapes. To fix the problem, check the pin connection in the netlist and ensure the pin shapes exist in the floorplan.
#WARNING (NRIG-39) NanoRoute cannot route to pin PIN/sel[0] of net sel[0] because it might be a logical pin and does not have physical shapes. To fix the problem, check the pin connection in the netlist and ensure the pin shapes exist in the floorplan.
#WARNING (NRIG-39) NanoRoute cannot route to pin PIN/pgnd of net pgnd because it might be a logical pin and does not have physical shapes. To fix the problem, check the pin connection in the netlist and ensure the pin shapes exist in the floorplan.
#WARNING (NRIG-39) NanoRoute cannot route to pin PIN/dvdd of net dvdd because it might be a logical pin and does not have physical shapes. To fix the problem, check the pin connection in the netlist and ensure the pin shapes exist in the floorplan.
#WARNING (NRIG-39) NanoRoute cannot route to pin PIN/dgnd of net dgnd because it might be a logical pin and does not have physical shapes. To fix the problem, check the pin connection in the netlist and ensure the pin shapes exist in the floorplan.
#num needed restored net=0
#need_extraction net=0 (total=28)
#WARNING (NRDB-733) PIN en in CELL_VIEW FULLCHIP does not have physical port.
#WARNING (NRDB-733) PIN iforcedbat in CELL_VIEW FULLCHIP does not have physical port.
#WARNING (NRDB-733) PIN pgnd in CELL_VIEW FULLCHIP does not have physical port.
#WARNING (NRDB-733) PIN sel[0] in CELL_VIEW FULLCHIP does not have physical port.
#WARNING (NRDB-733) PIN sel[1] in CELL_VIEW FULLCHIP does not have physical port.
#WARNING (NRDB-733) PIN sel[2] in CELL_VIEW FULLCHIP does not have physical port.
#WARNING (NRDB-733) PIN sel[3] in CELL_VIEW FULLCHIP does not have physical port.
#WARNING (NRDB-733) PIN vbattemp in CELL_VIEW FULLCHIP does not have physical port.
#WARNING (NRDB-733) PIN vin in CELL_VIEW FULLCHIP does not have physical port.
#WARNING (NRDB-733) PIN vsensbat in CELL_VIEW FULLCHIP does not have physical port.
#Start reading timing information from file .timing_file_31613.tif.gz ...
#WARNING (NRDB-194) 
#No setup time constraints read in
#Read in timing information for 12 ports, 16 instances from timing file .timing_file_31613.tif.gz.
#NanoRoute Version 20.11-s130_1 NR200802-2257/20_11-UB
#Start routing data preparation on Thu Jan 16 20:25:19 2025
#
#WARNING (NRDB-2138) Ignore VIA VIA56_HH_mar_W for LAYER via5 in RULE pwr. It violates the MINCUTS 2 RULE.
#WARNING (NRDB-2138) Ignore VIA VIA56_HH_mar_E for LAYER via5 in RULE pwr. It violates the MINCUTS 2 RULE.
#WARNING (NRDB-2138) Ignore VIA VIA45_HH_mar_S for LAYER via4 in RULE pwr. It violates the MINCUTS 2 RULE.
#WARNING (NRDB-2138) Ignore VIA VIA45_HH_mar_N for LAYER via4 in RULE pwr. It violates the MINCUTS 2 RULE.
#WARNING (NRDB-2138) Ignore VIA VIA34_HH_mar_W for LAYER via3 in RULE pwr. It violates the MINCUTS 2 RULE.
#WARNING (NRDB-2138) Ignore VIA VIA34_HH_mar_E for LAYER via3 in RULE pwr. It violates the MINCUTS 2 RULE.
#WARNING (NRDB-2138) Ignore VIA VIA23_HH_mar_S for LAYER via2 in RULE pwr. It violates the MINCUTS 2 RULE.
#WARNING (NRDB-2138) Ignore VIA VIA23_HH_mar_N for LAYER via2 in RULE pwr. It violates the MINCUTS 2 RULE.
#WARNING (NRDB-2138) Ignore VIA VIA67_stack_Def for LAYER via6 in RULE pwr. It violates the MINCUTS 2 RULE.
#WARNING (NRDB-2138) Ignore VIA VIA56_stack_CROSS for LAYER via5 in RULE pwr. It violates the MINCUTS 2 RULE.
#WARNING (NRDB-2138) Ignore VIA VIA56_stack_HAMMER2 for LAYER via5 in RULE pwr. It violates the MINCUTS 2 RULE.
#WARNING (NRDB-2138) Ignore VIA VIA56_stack_HAMMER1 for LAYER via5 in RULE pwr. It violates the MINCUTS 2 RULE.
#WARNING (NRDB-2138) Ignore VIA VIA45_stack_CROSS for LAYER via4 in RULE pwr. It violates the MINCUTS 2 RULE.
#WARNING (NRDB-2138) Ignore VIA VIA45_stack_HAMMER2 for LAYER via4 in RULE pwr. It violates the MINCUTS 2 RULE.
#WARNING (NRDB-2138) Ignore VIA VIA45_stack_HAMMER1 for LAYER via4 in RULE pwr. It violates the MINCUTS 2 RULE.
#WARNING (NRDB-2138) Ignore VIA VIA34_stack_CROSS for LAYER via3 in RULE pwr. It violates the MINCUTS 2 RULE.
#WARNING (NRDB-2138) Ignore VIA VIA34_stack_HAMMER2 for LAYER via3 in RULE pwr. It violates the MINCUTS 2 RULE.
#WARNING (NRDB-2138) Ignore VIA VIA34_stack_HAMMER1 for LAYER via3 in RULE pwr. It violates the MINCUTS 2 RULE.
#WARNING (NRDB-2138) Ignore VIA VIA23_stack_CROSS for LAYER via2 in RULE pwr. It violates the MINCUTS 2 RULE.
#WARNING (NRDB-2138) Ignore VIA VIA23_stack_HAMMER2 for LAYER via2 in RULE pwr. It violates the MINCUTS 2 RULE.
#WARNING (EMS-27) Message (NRDB-2138) has exceeded the current message display limit of 20.
#To increase the message display limit, refer to the product command reference manual.
#Minimum voltage of a net in the design = 0.000.
#Maximum voltage of a net in the design = 3.300.
#Voltage range [0.000 - 0.000] has 8 nets.
#Voltage range [0.000 - 3.300] has 20 nets.
#Initial pin access analysis.
#Detail pin access analysis.
# metal1       H   Track-Pitch = 0.4000    Line-2-Via Pitch = 0.3400
# metal2       V   Track-Pitch = 0.4000    Line-2-Via Pitch = 0.4000
# metal3       H   Track-Pitch = 0.4000    Line-2-Via Pitch = 0.4000
# metal4       V   Track-Pitch = 0.4000    Line-2-Via Pitch = 0.4000
# metal5       H   Track-Pitch = 0.4000    Line-2-Via Pitch = 0.4000
# metal6       V   Track-Pitch = 0.4000    Line-2-Via Pitch = 0.4000
# metal7       H   Track-Pitch = 0.8000    Line-2-Via Pitch = 0.8000
# metal8       V   Track-Pitch = 0.8000    Line-2-Via Pitch = 0.8000
#Monitoring time of adding inner blkg by smac
#cpu time = 00:00:00, elapsed time = 00:00:00, memory = 848.89 (MB), peak = 914.52 (MB)
#Regenerating Ggrids automatically.
#Auto generating G-grids with size=15 tracks, using layer metal3's pitch = 0.4000.
#Using automatically generated G-grids.
#Done routing data preparation.
#cpu time = 00:00:00, elapsed time = 00:00:00, memory = 877.49 (MB), peak = 914.52 (MB)
#
#Connectivity extraction summary:
#1 (5.26%) nets are without wires.
#18 nets are fixed|skipped|trivial (not extracted).
#Total number of nets = 19.
#
#
#Finished routing data preparation on Thu Jan 16 20:25:20 2025
#
#Cpu time = 00:00:00
#Elapsed time = 00:00:00
#Increased memory = 38.22 (MB)
#Total memory = 877.59 (MB)
#Peak memory = 914.52 (MB)
#
#
#Start global routing on Thu Jan 16 20:25:20 2025
#
#
#Start global routing initialization on Thu Jan 16 20:25:20 2025
#
#Number of eco nets is 0
#
#Start global routing data preparation on Thu Jan 16 20:25:20 2025
#
#Start routing resource analysis on Thu Jan 16 20:25:20 2025
#
#Routing resource analysis is done on Thu Jan 16 20:25:20 2025
#
#  Resource Analysis:
#
#               Routing  #Avail      #Track     #Total     %Gcell
#  Layer      Direction   Track     Blocked      Gcell    Blocked
#  --------------------------------------------------------------
#  metal1         H         712        1288       27664    84.21%
#  metal2         V         713        2412       27664    84.66%
#  metal3         H         712        1288       27664    84.21%
#  metal4         V         713        2412       27664    84.66%
#  metal5         H         712        1288       27664    84.21%
#  metal6         V         713        2412       27664    84.66%
#  metal7         H         355         644       27664    84.21%
#  metal8         V         355        1207       27664    84.92%
#  --------------------------------------------------------------
#  Total                   4987      70.80%      221312    84.47%
#
#  1 nets (3.57%) with 1 preferred extra spacing.
#
#
#
#Global routing data preparation is done on Thu Jan 16 20:25:20 2025
#
#cpu time = 00:00:00, elapsed time = 00:00:00, memory = 881.64 (MB), peak = 914.52 (MB)
#
#
#Global routing initialization is done on Thu Jan 16 20:25:20 2025
#
#cpu time = 00:00:00, elapsed time = 00:00:00, memory = 881.71 (MB), peak = 914.52 (MB)
#
#start global routing iteration 1...
#cpu time = 00:00:00, elapsed time = 00:00:00, memory = 883.62 (MB), peak = 914.52 (MB)
#
#start global routing iteration 2...
#cpu time = 00:00:00, elapsed time = 00:00:00, memory = 883.71 (MB), peak = 914.52 (MB)
#
#
#Total number of trivial nets (e.g. < 2 pins) = 18 (skipped).
#Total number of selected nets for routing = 1.
#Total number of unselected nets (but routable) for routing = 9 (skipped).
#Total number of nets in the design = 28.
#
#9 skipped nets do not have any wires.
#1 routable net has only global wires.
#1 global routed or unrouted (routable) net has been constrained (e.g. have preferred extra spacing, require shielding etc.)
#
#Routed net constraints summary:
#-----------------------------------------
#        Rules   Shielding   Unconstrained  
#-----------------------------------------
#      Default           1               0  
#          pwr           0               0  
#-----------------------------------------
#        Total           1               0  
#-----------------------------------------
#
#Routing constraints summary of the whole design:
#-----------------------------------------
#        Rules   Shielding   Unconstrained  
#-----------------------------------------
#      Default           1               8  
#          pwr           0               1  
#-----------------------------------------
#        Total           1               9  
#-----------------------------------------
#
#
#  Congestion Analysis: (blocked Gcells are excluded)
#
#                 OverCon          
#                  #Gcell    %Gcell
#     Layer           (1)   OverCon
#  --------------------------------
#  metal1        0(0.00%)   (0.00%)
#  metal2        0(0.00%)   (0.00%)
#  metal3        0(0.00%)   (0.00%)
#  metal4        0(0.00%)   (0.00%)
#  metal5        0(0.00%)   (0.00%)
#  metal6        0(0.00%)   (0.00%)
#  metal7        0(0.00%)   (0.00%)
#  metal8        0(0.00%)   (0.00%)
#  --------------------------------
#     Total      0(0.00%)   (0.00%)
#
#  The worst congested Gcell overcon (routing demand over resource in number of tracks) = 1
#  Overflow after GR: 0.00% H + 0.00% V
#
#Hotspot report including placement blocked areas
[hotspot] +----------------+-------------------+-------------------+-------------------------------------+
[hotspot] |      layer     |    max hotspot    |   total hotspot   |            hotspot bbox             |
[hotspot] +----------------+-------------------+-------------------+-------------------------------------+
[hotspot] |   metal1(H)    |            208.00 |           1508.00 |   156.79   660.79   335.99   800.01 |
[hotspot] |   metal2(V)    |             78.00 |            490.22 |  1108.79   156.79  1250.01   223.99 |
[hotspot] |   metal3(H)    |            208.00 |           1508.00 |   156.79   660.79   335.99   800.01 |
[hotspot] |   metal4(V)    |             78.00 |            490.22 |  1108.79   156.79  1250.01   223.99 |
[hotspot] |   metal5(H)    |            208.00 |           1508.00 |   156.79   660.79   335.99   800.01 |
[hotspot] |   metal6(V)    |             78.00 |            490.22 |  1108.79   156.79  1250.01   223.99 |
[hotspot] |   metal7(H)    |            208.00 |           1508.00 |   156.79   660.79   335.99   800.01 |
[hotspot] |   metal8(V)    |             84.00 |            512.22 |  1097.59   156.79  1250.01   223.99 |
[hotspot] +----------------+-------------------+-------------------+-------------------------------------+
[hotspot] |      worst     | (metal1)   208.00 | (metal1)  1508.00 |                                     |
[hotspot] +----------------+-------------------+-------------------+-------------------------------------+
[hotspot] |   all layers   |            209.56 |           2025.78 |                                     |
[hotspot] +----------------+-------------------+-------------------+-------------------------------------+
Local HotSpot Analysis (3d): normalized congestion max/total hotspot area = 209.56/2025.78 (area is in unit of 4 std-cell row bins)
[hotspot] top 5 congestion hotspot bounding boxes and scores of all layers hotspot
[hotspot] +-----+-------------------------------------+---------------+
[hotspot] | top |            hotspot bbox             | hotspot score |
[hotspot] +-----+-------------------------------------+---------------+
[hotspot] |  1  |   918.39   649.59  1097.59   800.01 |      209.56   |
[hotspot] +-----+-------------------------------------+---------------+
[hotspot] |  2  |   156.79   660.79   335.99   800.01 |      208.00   |
[hotspot] +-----+-------------------------------------+---------------+
[hotspot] |  3  |   403.19   660.79   582.39   800.01 |      208.00   |
[hotspot] +-----+-------------------------------------+---------------+
[hotspot] |  4  |   649.59   660.79   828.79   800.01 |      208.00   |
[hotspot] +-----+-------------------------------------+---------------+
[hotspot] |  5  |   156.79    -0.01   257.59   145.59 |      117.00   |
[hotspot] +-----+-------------------------------------+---------------+
#Complete Global Routing.
#Total number of nets with non-default rule or having extra spacing = 3
#Total wire length = 95 um.
#Total half perimeter of net bounding box = 298 um.
#Total wire length on LAYER metal1 = 0 um.
#Total wire length on LAYER metal2 = 54 um.
#Total wire length on LAYER metal3 = 41 um.
#Total wire length on LAYER metal4 = 0 um.
#Total wire length on LAYER metal5 = 0 um.
#Total wire length on LAYER metal6 = 0 um.
#Total wire length on LAYER metal7 = 0 um.
#Total wire length on LAYER metal8 = 0 um.
#Total number of vias = 2
#Up-Via Summary (total 2):
#           
#-----------------------
# metal2              2
#-----------------------
#                     2 
#
#Max overcon = 0 track.
#Total overcon = 0.00%.
#Worst layer Gcell overcon rate = 0.00%.
#
#Global routing statistics:
#Cpu time = 00:00:00
#Elapsed time = 00:00:00
#Increased memory = 7.02 (MB)
#Total memory = 884.61 (MB)
#Peak memory = 914.52 (MB)
#
#Finished global routing on Thu Jan 16 20:25:20 2025
#
#
#cpu time = 00:00:00, elapsed time = 00:00:00, memory = 879.52 (MB), peak = 914.52 (MB)
#Start Track Assignment.
#Done with 2 horizontal wires in 5 hboxes and 1 vertical wires in 7 hboxes.
#Done with 0 horizontal wires in 5 hboxes and 0 vertical wires in 7 hboxes.
#Complete Track Assignment.
#Total number of nets with non-default rule or having extra spacing = 3
#Total wire length = 97 um.
#Total half perimeter of net bounding box = 298 um.
#Total wire length on LAYER metal1 = 0 um.
#Total wire length on LAYER metal2 = 56 um.
#Total wire length on LAYER metal3 = 41 um.
#Total wire length on LAYER metal4 = 0 um.
#Total wire length on LAYER metal5 = 0 um.
#Total wire length on LAYER metal6 = 0 um.
#Total wire length on LAYER metal7 = 0 um.
#Total wire length on LAYER metal8 = 0 um.
#Total number of vias = 2
#Up-Via Summary (total 2):
#           
#-----------------------
# metal2              2
#-----------------------
#                     2 
#
#cpu time = 00:00:00, elapsed time = 00:00:00, memory = 879.74 (MB), peak = 914.52 (MB)
#
#Routing data preparation, pin analysis, global routing and track assignment statistics:
#Cpu time = 00:00:01
#Elapsed time = 00:00:01
#Increased memory = 40.48 (MB)
#Total memory = 879.75 (MB)
#Peak memory = 914.52 (MB)
#
#Start Detail Routing..
#start initial detail routing ...
#   number of violations = 0
#cpu time = 00:00:00, elapsed time = 00:00:00, memory = 898.23 (MB), peak = 916.07 (MB)
#Complete Detail Routing.
#Total number of nets with non-default rule or having extra spacing = 3
#Total wire length = 92 um.
#Total half perimeter of net bounding box = 298 um.
#Total wire length on LAYER metal1 = 0 um.
#Total wire length on LAYER metal2 = 56 um.
#Total wire length on LAYER metal3 = 35 um.
#Total wire length on LAYER metal4 = 0 um.
#Total wire length on LAYER metal5 = 0 um.
#Total wire length on LAYER metal6 = 0 um.
#Total wire length on LAYER metal7 = 0 um.
#Total wire length on LAYER metal8 = 0 um.
#Total number of vias = 2
#Up-Via Summary (total 2):
#           
#-----------------------
# metal2              2
#-----------------------
#                     2 
#
#Total number of DRC violations = 0
#Cpu time = 00:00:02
#Elapsed time = 00:00:02
#Increased memory = 4.61 (MB)
#Total memory = 884.36 (MB)
#Peak memory = 916.07 (MB)
#Analyzing shielding information. 
#  Total shield net = 1 (one-side = 0, hf = 0 ), 1 net need to be shielded.
#  Bottom shield layer is layer 1.
#  Bottom routing layer for shield is layer 1.
#  Start shielding step 1
#  Finished shielding step 1: cpu time = 00:00:00, elapsed time = 00:00:00, memory = 884.42 (MB), peak = 916.07 (MB)
#  Start shielding step 2 
#    Inner loop #1
#    Inner loop #2
#  Finished shielding step 2:   cpu time = 00:00:00, elapsed time = 00:00:00, memory = 884.77 (MB), peak = 916.07 (MB)
#  Start shielding step 3
#    Start loop 1
#    Finished loop 1 cpu time = 00:00:00, elapsed time = 00:00:00, memory = 899.12 (MB), peak = 916.07 (MB)
#    Start loop 2
#    Finished loop 2 cpu time = 00:00:00, elapsed time = 00:00:00, memory = 899.28 (MB), peak = 916.07 (MB)
#  Finished shielding step 3: cpu time = 00:00:00, elapsed time = 00:00:00, memory = 899.28 (MB), peak = 916.07 (MB)
#  Start shielding step 4
#    Inner loop #1
#  Finished shielding step 4:   cpu time = 00:00:00, elapsed time = 00:00:00, memory = 899.39 (MB), peak = 916.07 (MB)
#    cpu time = 00:00:02, elapsed time = 00:00:02, memory = 899.39 (MB), peak = 916.07 (MB)
#-------------------------------------------------------------------------------
#
#	Shielding Summary
#-------------------------------------------------------------------------------
#Primary shielding net(s): pgnd 
#Opportunistic shielding net(s): dvdddgnd 
#
#Average ratio                   : 0.000
#-------------------------------------------------------------------------------
#Bottom shield layer (metal1) and above: 
#Average (BotShieldLayer) ratio  : 0.000
#-------------------------------------------------------------------------------
#No preferred routing layer range specified
#Done Shielding:    cpu time = 00:00:02, elapsed time = 00:00:02, memory = 884.89 (MB), peak = 916.07 (MB)
#Set shielded net as skip routing for Post Route optimization.
#WARNING (NRDR-32) All the nets are fixed, skipped, or trivial nets. Post Route via swapping cannot be run.
#-------------------------------------------------------------------------------
#
#	Shielding Summary
#-------------------------------------------------------------------------------
#Primary shielding net(s): pgnd 
#Opportunistic shielding net(s): dvdddgnd 
#
#Average ratio                   : 0.000
#-------------------------------------------------------------------------------
#Bottom shield layer (metal1) and above: 
#Average (BotShieldLayer) ratio  : 0.000
#-------------------------------------------------------------------------------
#No preferred routing layer range specified
#Total number of nets with non-default rule or having extra spacing = 3
#Total wire length = 92 um.
#Total half perimeter of net bounding box = 298 um.
#Total wire length on LAYER metal1 = 0 um.
#Total wire length on LAYER metal2 = 56 um.
#Total wire length on LAYER metal3 = 35 um.
#Total wire length on LAYER metal4 = 0 um.
#Total wire length on LAYER metal5 = 0 um.
#Total wire length on LAYER metal6 = 0 um.
#Total wire length on LAYER metal7 = 0 um.
#Total wire length on LAYER metal8 = 0 um.
#Total number of vias = 2
#Up-Via Summary (total 2):
#           
#-----------------------
# metal2              2
#-----------------------
#                     2 
#
#detailRoute Statistics:
#Cpu time = 00:00:03
#Elapsed time = 00:00:03
#Increased memory = 5.16 (MB)
#Total memory = 884.91 (MB)
#Peak memory = 916.07 (MB)
Extracting standard cell pins and blockage ...... 
Pin and blockage extraction finished
#
#globalDetailRoute statistics:
#Cpu time = 00:00:05
#Elapsed time = 00:00:05
#Increased memory = 12.38 (MB)
#Total memory = 878.65 (MB)
#Peak memory = 916.07 (MB)
#Number of warnings = 45
#Total number of warnings = 51
#Number of fails = 0
#Total number of fails = 0
#Complete globalDetailRoute on Thu Jan 16 20:25:24 2025
#
% End globalDetailRoute (date=01/16 20:25:24, total cpu=0:00:05.4, real=0:00:06.0, peak res=916.1M, current mem=878.1M)
#routeDesign: cpu time = 00:00:06, elapsed time = 00:00:06, memory = 876.80 (MB), peak = 916.07 (MB)

*** Summary of all messages that are not suppressed in this session:
Severity  ID               Count  Summary                                  
WARNING   IMPTRN-1101          1  Could not determine power-rail locations...
ERROR     IMPDC-634            1  Failed to build the timing graph since t...
*** Message Summary: 1 warning(s), 1 error(s)

#% End routeDesign (date=01/16 20:25:24, total cpu=0:00:05.8, real=0:00:06.0, peak res=916.1M, current mem=876.8M)
<CMD> routeDesign -globalDetail
#% Begin routeDesign (date=01/16 20:25:24, mem=876.8M)
#routeDesign: cpu time = 00:00:00, elapsed time = 00:00:00, memory = 876.81 (MB), peak = 916.07 (MB)
Info: The option -ignoreNetLoad is different with the value of internal variable, sync the option -ignoreNetLoad to true based on the value of internal variable.
#WARNING (NRIG-96) Selected single pass global detail route "-globalDetail". Clock eco and post optimizations will not be run. See "man NRIG-96" for more details.
**INFO: User settings:
setNanoRouteMode -drouteExpEolMarkParalleledge                  false
setNanoRouteMode -extractThirdPartyCompatible                   false
setNanoRouteMode -grouteExpTdUseTifTimingEngineForImportDesign  true
setDelayCalMode -engine                                         aae
setDelayCalMode -ignoreNetLoad                                  true

#No active setup or hold rc corner
#No active RC corner or QRC tech file is missing.
#**INFO: setDesignMode -flowEffort standard
#**INFO: multi-cut via swapping will not be performed after routing.
#**INFO: All auto set options tuned by routeDesign will be restored to their original settings on command completion.
Begin checking placement ... (start mem=1044.4M, init mem=1060.4M)
*info: Placed = 1              (Fixed = 1)
*info: Unplaced = 0           
Placement Density:0.00%(0/135318)
Placement Density (including fixed std cells):0.00%(0/135318)
Finished checkPlace (total: cpu=0:00:00.1, real=0:00:00.0; vio checks: cpu=0:00:00.0, real=0:00:00.0; mem=1060.4M)

changeUseClockNetStatus Option :  -noFixedNetWires 
*** Changed status on (0) nets in Clock.
*** End changeUseClockNetStatus (cpu=0:00:00.0, real=0:00:00.0, mem=1060.4M) ***
% Begin globalDetailRoute (date=01/16 20:25:24, mem=874.7M)

globalDetailRoute

#Start globalDetailRoute on Thu Jan 16 20:25:24 2025
#
#Generating timing data, please wait...
#17 total nets, 1 already routed, 1 will ignore in trialRoute
**ERROR: Design must be placed before running Early Global Route
**WARN: (IMPEXT-3530):	The process node is not set. Use the command setDesignMode -process <process node> prior to extraction for maximum accuracy and optimal automatic threshold setting.
**WARN: (IMPEXT-6197):	The Cap table file is not specified. This will result in lower parasitic accuracy when using preRoute extraction or postRoute extraction with effort level 'low'. It is recommended to generate the Cap table file using the 'generateCapTbl' command and specify it before extraction using 'create_rc_corner/update_rc_corner -cap_table'.
#Dump tif for version 2.1
**ERROR: (IMPDC-634):	Failed to build the timing graph since timing library files have not yet been loaded. To resolve this, check that timing library files have been correctly specified in the loaded design database.
Total number of fetched objects 21
End delay calculation. (MEM=1108.21 CPU=0:00:00.0 REAL=0:00:00.0)
#Generating timing data took: cpu time = 00:00:00, elapsed time = 00:00:00, memory = 875.20 (MB), peak = 916.07 (MB)
#Done generating timing data.
#WARNING (NRIG-39) NanoRoute cannot route to pin PIN/vsensbat of net vsensbat because it might be a logical pin and does not have physical shapes. To fix the problem, check the pin connection in the netlist and ensure the pin shapes exist in the floorplan.
#WARNING (NRIG-39) NanoRoute cannot route to pin PIN/vin of net vin because it might be a logical pin and does not have physical shapes. To fix the problem, check the pin connection in the netlist and ensure the pin shapes exist in the floorplan.
#WARNING (NRIG-39) NanoRoute cannot route to pin PIN/vbattemp of net vbattemp because it might be a logical pin and does not have physical shapes. To fix the problem, check the pin connection in the netlist and ensure the pin shapes exist in the floorplan.
#WARNING (NRIG-39) NanoRoute cannot route to pin PIN/en of net en because it might be a logical pin and does not have physical shapes. To fix the problem, check the pin connection in the netlist and ensure the pin shapes exist in the floorplan.
#WARNING (NRIG-39) NanoRoute cannot route to pin PIN/iforcedbat of net iforcedbat because it might be a logical pin and does not have physical shapes. To fix the problem, check the pin connection in the netlist and ensure the pin shapes exist in the floorplan.
#WARNING (NRIG-39) NanoRoute cannot route to pin PIN/sel[3] of net sel[3] because it might be a logical pin and does not have physical shapes. To fix the problem, check the pin connection in the netlist and ensure the pin shapes exist in the floorplan.
#WARNING (NRIG-39) NanoRoute cannot route to pin PIN/sel[2] of net sel[2] because it might be a logical pin and does not have physical shapes. To fix the problem, check the pin connection in the netlist and ensure the pin shapes exist in the floorplan.
#WARNING (NRIG-39) NanoRoute cannot route to pin PIN/sel[1] of net sel[1] because it might be a logical pin and does not have physical shapes. To fix the problem, check the pin connection in the netlist and ensure the pin shapes exist in the floorplan.
#WARNING (NRIG-39) NanoRoute cannot route to pin PIN/sel[0] of net sel[0] because it might be a logical pin and does not have physical shapes. To fix the problem, check the pin connection in the netlist and ensure the pin shapes exist in the floorplan.
#WARNING (NRIG-39) NanoRoute cannot route to pin PIN/pgnd of net pgnd because it might be a logical pin and does not have physical shapes. To fix the problem, check the pin connection in the netlist and ensure the pin shapes exist in the floorplan.
#WARNING (NRIG-39) NanoRoute cannot route to pin PIN/dvdd of net dvdd because it might be a logical pin and does not have physical shapes. To fix the problem, check the pin connection in the netlist and ensure the pin shapes exist in the floorplan.
#WARNING (NRIG-39) NanoRoute cannot route to pin PIN/dgnd of net dgnd because it might be a logical pin and does not have physical shapes. To fix the problem, check the pin connection in the netlist and ensure the pin shapes exist in the floorplan.
#num needed restored net=0
#need_extraction net=0 (total=28)
#WARNING (NRDB-733) PIN en in CELL_VIEW FULLCHIP does not have physical port.
#WARNING (NRDB-733) PIN iforcedbat in CELL_VIEW FULLCHIP does not have physical port.
#WARNING (NRDB-733) PIN pgnd in CELL_VIEW FULLCHIP does not have physical port.
#WARNING (NRDB-733) PIN sel[0] in CELL_VIEW FULLCHIP does not have physical port.
#WARNING (NRDB-733) PIN sel[1] in CELL_VIEW FULLCHIP does not have physical port.
#WARNING (NRDB-733) PIN sel[2] in CELL_VIEW FULLCHIP does not have physical port.
#WARNING (NRDB-733) PIN sel[3] in CELL_VIEW FULLCHIP does not have physical port.
#WARNING (NRDB-733) PIN vbattemp in CELL_VIEW FULLCHIP does not have physical port.
#WARNING (NRDB-733) PIN vin in CELL_VIEW FULLCHIP does not have physical port.
#WARNING (NRDB-733) PIN vsensbat in CELL_VIEW FULLCHIP does not have physical port.
#Start reading timing information from file .timing_file_31613.tif.gz ...
#WARNING (NRDB-194) 
#No setup time constraints read in
#Read in timing information for 12 ports, 16 instances from timing file .timing_file_31613.tif.gz.
#NanoRoute Version 20.11-s130_1 NR200802-2257/20_11-UB
#Start routing data preparation on Thu Jan 16 20:25:24 2025
#
#Minimum voltage of a net in the design = 0.000.
#Maximum voltage of a net in the design = 3.300.
#Voltage range [0.000 - 0.000] has 8 nets.
#Voltage range [0.000 - 3.300] has 20 nets.
#Rebuild pin access data for design.
#Initial pin access analysis.
#Detail pin access analysis.
# metal1       H   Track-Pitch = 0.4000    Line-2-Via Pitch = 0.3400
# metal2       V   Track-Pitch = 0.4000    Line-2-Via Pitch = 0.4000
# metal3       H   Track-Pitch = 0.4000    Line-2-Via Pitch = 0.4000
# metal4       V   Track-Pitch = 0.4000    Line-2-Via Pitch = 0.4000
# metal5       H   Track-Pitch = 0.4000    Line-2-Via Pitch = 0.4000
# metal6       V   Track-Pitch = 0.4000    Line-2-Via Pitch = 0.4000
# metal7       H   Track-Pitch = 0.8000    Line-2-Via Pitch = 0.8000
# metal8       V   Track-Pitch = 0.8000    Line-2-Via Pitch = 0.8000
#Monitoring time of adding inner blkg by smac
#cpu time = 00:00:00, elapsed time = 00:00:00, memory = 881.29 (MB), peak = 916.07 (MB)
#Regenerating Ggrids automatically.
#Auto generating G-grids with size=15 tracks, using layer metal3's pitch = 0.4000.
#Using automatically generated G-grids.
#Done routing data preparation.
#cpu time = 00:00:00, elapsed time = 00:00:00, memory = 896.21 (MB), peak = 916.07 (MB)
#
#Connectivity extraction summary:
#1 routed net(s) are imported.
#9 (32.14%) nets are without wires.
#18 nets are fixed|skipped|trivial (not extracted).
#Total number of nets = 28.
#
#
#Finished routing data preparation on Thu Jan 16 20:25:24 2025
#
#Cpu time = 00:00:00
#Elapsed time = 00:00:00
#Increased memory = 19.78 (MB)
#Total memory = 896.22 (MB)
#Peak memory = 916.07 (MB)
#
#
#Start global routing on Thu Jan 16 20:25:24 2025
#
#
#Start global routing initialization on Thu Jan 16 20:25:24 2025
#
#Number of eco nets is 0
#
#Start global routing data preparation on Thu Jan 16 20:25:24 2025
#
#Start routing resource analysis on Thu Jan 16 20:25:24 2025
#
#Routing resource analysis is done on Thu Jan 16 20:25:25 2025
#
#  Resource Analysis:
#
#               Routing  #Avail      #Track     #Total     %Gcell
#  Layer      Direction   Track     Blocked      Gcell    Blocked
#  --------------------------------------------------------------
#  metal1         H         712        1288       27664    84.21%
#  metal2         V         713        2412       27664    84.66%
#  metal3         H         712        1288       27664    84.21%
#  metal4         V         713        2412       27664    84.66%
#  metal5         H         712        1288       27664    84.21%
#  metal6         V         713        2412       27664    84.66%
#  metal7         H         355         644       27664    84.21%
#  metal8         V         355        1207       27664    84.92%
#  --------------------------------------------------------------
#  Total                   4987      70.80%      221312    84.47%
#
#  1 nets (3.57%) with 1 preferred extra spacing.
#
#
#
#Global routing data preparation is done on Thu Jan 16 20:25:25 2025
#
#cpu time = 00:00:00, elapsed time = 00:00:00, memory = 900.30 (MB), peak = 916.07 (MB)
#
#
#Global routing initialization is done on Thu Jan 16 20:25:25 2025
#
#cpu time = 00:00:00, elapsed time = 00:00:00, memory = 900.30 (MB), peak = 916.07 (MB)
#
#start global routing iteration 1...
#cpu time = 00:00:00, elapsed time = 00:00:00, memory = 905.70 (MB), peak = 916.07 (MB)
#
#start global routing iteration 2...
#cpu time = 00:00:00, elapsed time = 00:00:00, memory = 905.70 (MB), peak = 916.07 (MB)
#
#
#Total number of trivial nets (e.g. < 2 pins) = 18 (skipped).
#Total number of routable nets = 10.
#Total number of nets in the design = 28.
#
#9 routable nets have only global wires.
#1 routable net has only detail routed wires.
#1 detail routed (routable) net has been constrained (e.g. have preferred extra spacing, require shielding etc.)
#
#Routed nets constraints summary:
#-----------------------------
#        Rules   Unconstrained  
#-----------------------------
#      Default               8  
#          pwr               1  
#-----------------------------
#        Total               9  
#-----------------------------
#
#Routing constraints summary of the whole design:
#-----------------------------------------
#        Rules   Shielding   Unconstrained  
#-----------------------------------------
#      Default           1               8  
#          pwr           0               1  
#-----------------------------------------
#        Total           1               9  
#-----------------------------------------
#
#
#  Congestion Analysis: (blocked Gcells are excluded)
#
#                 OverCon          
#                  #Gcell    %Gcell
#     Layer           (1)   OverCon
#  --------------------------------
#  metal1        0(0.00%)   (0.00%)
#  metal2        0(0.00%)   (0.00%)
#  metal3        0(0.00%)   (0.00%)
#  metal4        0(0.00%)   (0.00%)
#  metal5        0(0.00%)   (0.00%)
#  metal6        0(0.00%)   (0.00%)
#  metal7        0(0.00%)   (0.00%)
#  metal8        0(0.00%)   (0.00%)
#  --------------------------------
#     Total      0(0.00%)   (0.00%)
#
#  The worst congested Gcell overcon (routing demand over resource in number of tracks) = 1
#  Overflow after GR: 0.00% H + 0.00% V
#
#Hotspot report including placement blocked areas
[hotspot] +----------------+-------------------+-------------------+-------------------------------------+
[hotspot] |      layer     |    max hotspot    |   total hotspot   |            hotspot bbox             |
[hotspot] +----------------+-------------------+-------------------+-------------------------------------+
[hotspot] |   metal1(H)    |            208.00 |           1508.00 |   156.79   660.79   335.99   800.01 |
[hotspot] |   metal2(V)    |             78.00 |            490.22 |  1108.79   156.79  1250.01   223.99 |
[hotspot] |   metal3(H)    |            208.00 |           1508.00 |   156.79   660.79   335.99   800.01 |
[hotspot] |   metal4(V)    |             78.00 |            490.22 |  1108.79   156.79  1250.01   223.99 |
[hotspot] |   metal5(H)    |            208.00 |           1508.00 |   156.79   660.79   335.99   800.01 |
[hotspot] |   metal6(V)    |             78.00 |            490.22 |  1108.79   156.79  1250.01   223.99 |
[hotspot] |   metal7(H)    |            208.00 |           1508.00 |   156.79   660.79   335.99   800.01 |
[hotspot] |   metal8(V)    |             84.00 |            512.22 |  1097.59   156.79  1250.01   223.99 |
[hotspot] +----------------+-------------------+-------------------+-------------------------------------+
[hotspot] |      worst     | (metal1)   208.00 | (metal1)  1508.00 |                                     |
[hotspot] +----------------+-------------------+-------------------+-------------------------------------+
[hotspot] |   all layers   |            209.56 |           2025.78 |                                     |
[hotspot] +----------------+-------------------+-------------------+-------------------------------------+
Local HotSpot Analysis (3d): normalized congestion max/total hotspot area = 209.56/2025.78 (area is in unit of 4 std-cell row bins)
[hotspot] top 5 congestion hotspot bounding boxes and scores of all layers hotspot
[hotspot] +-----+-------------------------------------+---------------+
[hotspot] | top |            hotspot bbox             | hotspot score |
[hotspot] +-----+-------------------------------------+---------------+
[hotspot] |  1  |   918.39   649.59  1097.59   800.01 |      209.56   |
[hotspot] +-----+-------------------------------------+---------------+
[hotspot] |  2  |   156.79   660.79   335.99   800.01 |      208.00   |
[hotspot] +-----+-------------------------------------+---------------+
[hotspot] |  3  |   403.19   660.79   582.39   800.01 |      208.00   |
[hotspot] +-----+-------------------------------------+---------------+
[hotspot] |  4  |   649.59   660.79   828.79   800.01 |      208.00   |
[hotspot] +-----+-------------------------------------+---------------+
[hotspot] |  5  |   156.79    -0.01   257.59   145.59 |      117.00   |
[hotspot] +-----+-------------------------------------+---------------+
#Complete Global Routing.
#Total number of nets with non-default rule or having extra spacing = 3
#Total wire length = 7091 um.
#Total half perimeter of net bounding box = 6672 um.
#Total wire length on LAYER metal1 = 1680 um.
#Total wire length on LAYER metal2 = 1593 um.
#Total wire length on LAYER metal3 = 2720 um.
#Total wire length on LAYER metal4 = 870 um.
#Total wire length on LAYER metal5 = 143 um.
#Total wire length on LAYER metal6 = 78 um.
#Total wire length on LAYER metal7 = 0 um.
#Total wire length on LAYER metal8 = 6 um.
#Total number of vias = 43
#Up-Via Summary (total 43):
#           
#-----------------------
# metal1              8
# metal2             14
# metal3              7
# metal4             11
# metal5              1
# metal6              1
# metal7              1
#-----------------------
#                    43 
#
#Max overcon = 0 track.
#Total overcon = 0.00%.
#Worst layer Gcell overcon rate = 0.00%.
#
#Global routing statistics:
#Cpu time = 00:00:01
#Elapsed time = 00:00:01
#Increased memory = 9.32 (MB)
#Total memory = 905.54 (MB)
#Peak memory = 916.07 (MB)
#
#Finished global routing on Thu Jan 16 20:25:25 2025
#
#
#cpu time = 00:00:00, elapsed time = 00:00:00, memory = 901.98 (MB), peak = 916.07 (MB)
#Start Track Assignment.
#Done with 26 horizontal wires in 5 hboxes and 29 vertical wires in 7 hboxes.
#Done with 1 horizontal wires in 5 hboxes and 0 vertical wires in 7 hboxes.
#Done with 5 horizontal wires in 5 hboxes and 7 vertical wires in 7 hboxes.
#
#Track assignment summary:
# layer   (wire length)   (overlap)     (long ovlp)	(with obs/pg/clk)  
#------------------------------------------------------------------------
# metal1      1687.44 	  0.00%  	  0.00% 	  0.00%
# metal2      1543.20 	  0.45%  	  0.00% 	  0.45%
# metal3      2700.00 	  0.63%  	  0.00% 	  0.63%
# metal4       883.40 	  0.00%  	  0.00% 	  0.00%
# metal5       140.40 	  0.00%  	  0.00% 	  0.00%
# metal6        81.60 	  0.00%  	  0.00% 	  0.00%
# metal7         0.00 	  0.00%  	  0.00% 	  0.00%
# metal8         8.00 	 90.00%  	  0.00% 	 90.00%
#------------------------------------------------------------------------
# All        7044.04  	  0.44% 	  0.00% 	 90.00%
#Complete Track Assignment.
#Total number of nets with non-default rule or having extra spacing = 3
#Total wire length = 7092 um.
#Total half perimeter of net bounding box = 6672 um.
#Total wire length on LAYER metal1 = 1687 um.
#Total wire length on LAYER metal2 = 1597 um.
#Total wire length on LAYER metal3 = 2717 um.
#Total wire length on LAYER metal4 = 865 um.
#Total wire length on LAYER metal5 = 138 um.
#Total wire length on LAYER metal6 = 80 um.
#Total wire length on LAYER metal7 = 0 um.
#Total wire length on LAYER metal8 = 8 um.
#Total number of vias = 43
#Up-Via Summary (total 43):
#           
#-----------------------
# metal1              8
# metal2             14
# metal3              7
# metal4             11
# metal5              1
# metal6              1
# metal7              1
#-----------------------
#                    43 
#
#cpu time = 00:00:00, elapsed time = 00:00:00, memory = 902.04 (MB), peak = 916.07 (MB)
#
#Routing data preparation, pin analysis, global routing and track assignment statistics:
#Cpu time = 00:00:01
#Elapsed time = 00:00:01
#Increased memory = 25.60 (MB)
#Total memory = 902.04 (MB)
#Peak memory = 916.07 (MB)
#
#Start Detail Routing..
#start initial detail routing ...
#   number of violations = 1
#
#    By Layer and Type :
#	         MetSpc   Totals
#	metal1        0        0
#	metal2        0        0
#	metal3        0        0
#	metal4        1        1
#	Totals        1        1
#cpu time = 00:00:01, elapsed time = 00:00:01, memory = 920.29 (MB), peak = 960.12 (MB)
#start 1st optimization iteration ...
#   number of violations = 0
#cpu time = 00:00:00, elapsed time = 00:00:00, memory = 921.08 (MB), peak = 960.12 (MB)
#Complete Detail Routing.
#Total number of nets with non-default rule or having extra spacing = 3
#Total wire length = 7197 um.
#Total half perimeter of net bounding box = 6672 um.
#Total wire length on LAYER metal1 = 1687 um.
#Total wire length on LAYER metal2 = 1579 um.
#Total wire length on LAYER metal3 = 2766 um.
#Total wire length on LAYER metal4 = 934 um.
#Total wire length on LAYER metal5 = 141 um.
#Total wire length on LAYER metal6 = 46 um.
#Total wire length on LAYER metal7 = 6 um.
#Total wire length on LAYER metal8 = 37 um.
#Total number of vias = 59
#Total number of multi-cut vias = 33 ( 55.9%)
#Total number of single cut vias = 26 ( 44.1%)
#Up-Via Summary (total 59):
#                   single-cut          multi-cut      Total
#-----------------------------------------------------------
# metal1             8 (100.0%)         0 (  0.0%)          8
# metal2            13 (100.0%)         0 (  0.0%)         13
# metal3             4 ( 12.5%)        28 ( 87.5%)         32
# metal4             0 (  0.0%)         3 (100.0%)          3
# metal5             0 (  0.0%)         1 (100.0%)          1
# metal6             0 (  0.0%)         1 (100.0%)          1
# metal7             1 (100.0%)         0 (  0.0%)          1
#-----------------------------------------------------------
#                   26 ( 44.1%)        33 ( 55.9%)         59 
#
#Total number of DRC violations = 0
#Cpu time = 00:00:03
#Elapsed time = 00:00:03
#Increased memory = 5.16 (MB)
#Total memory = 907.21 (MB)
#Peak memory = 960.12 (MB)
#Analyzing shielding information. 
#  Total shield net = 1 (one-side = 0, hf = 0 ), 1 net need to be shielded.
#  Bottom shield layer is layer 1.
#  Bottom routing layer for shield is layer 1.
#  Start shielding step 1
#  Finished shielding step 1: cpu time = 00:00:00, elapsed time = 00:00:00, memory = 907.21 (MB), peak = 960.12 (MB)
#  Start shielding step 2 
#    Inner loop #1
#    Inner loop #2
#  Finished shielding step 2:   cpu time = 00:00:00, elapsed time = 00:00:00, memory = 907.21 (MB), peak = 960.12 (MB)
#  Start shielding step 3
#    Start loop 1
#    Finished loop 1 cpu time = 00:00:00, elapsed time = 00:00:00, memory = 921.46 (MB), peak = 960.12 (MB)
#    Start loop 2
#    Finished loop 2 cpu time = 00:00:00, elapsed time = 00:00:00, memory = 921.62 (MB), peak = 960.12 (MB)
#  Finished shielding step 3: cpu time = 00:00:00, elapsed time = 00:00:00, memory = 921.62 (MB), peak = 960.12 (MB)
#  Start shielding step 4
#    Inner loop #1
#  Finished shielding step 4:   cpu time = 00:00:00, elapsed time = 00:00:00, memory = 921.73 (MB), peak = 960.12 (MB)
#    cpu time = 00:00:02, elapsed time = 00:00:02, memory = 921.73 (MB), peak = 960.12 (MB)
#-------------------------------------------------------------------------------
#
#	Shielding Summary
#-------------------------------------------------------------------------------
#Primary shielding net(s): pgnd 
#Opportunistic shielding net(s): dvdddgnd 
#
#Average ratio                   : 0.000
#-------------------------------------------------------------------------------
#Bottom shield layer (metal1) and above: 
#Average (BotShieldLayer) ratio  : 0.000
#-------------------------------------------------------------------------------
#No preferred routing layer range specified
#Done Shielding:    cpu time = 00:00:02, elapsed time = 00:00:02, memory = 906.24 (MB), peak = 960.12 (MB)
#Set shielded net as skip routing for Post Route optimization.
#
#Start Post Route wire spreading..
#
#Start DRC checking..
#   number of violations = 0
#cpu time = 00:00:00, elapsed time = 00:00:00, memory = 920.55 (MB), peak = 960.12 (MB)
#CELL_VIEW FULLCHIP,init has no DRC violation.
#Total number of DRC violations = 0
#
#Start data preparation for wire spreading...
#
#Data preparation is done on Thu Jan 16 20:25:32 2025
#
#
#Start Post Route Wire Spread.
#Done with 1 horizontal wires in 9 hboxes and 0 vertical wires in 13 hboxes.
#Complete Post Route Wire Spread.
#
#Total number of nets with non-default rule or having extra spacing = 2
#Total wire length = 7106 um.
#Total half perimeter of net bounding box = 6375 um.
#Total wire length on LAYER metal1 = 1687 um.
#Total wire length on LAYER metal2 = 1522 um.
#Total wire length on LAYER metal3 = 2732 um.
#Total wire length on LAYER metal4 = 934 um.
#Total wire length on LAYER metal5 = 141 um.
#Total wire length on LAYER metal6 = 46 um.
#Total wire length on LAYER metal7 = 6 um.
#Total wire length on LAYER metal8 = 37 um.
#Total number of vias = 57
#Total number of multi-cut vias = 33 ( 57.9%)
#Total number of single cut vias = 24 ( 42.1%)
#Up-Via Summary (total 57):
#                   single-cut          multi-cut      Total
#-----------------------------------------------------------
# metal1             8 (100.0%)         0 (  0.0%)          8
# metal2            11 (100.0%)         0 (  0.0%)         11
# metal3             4 ( 12.5%)        28 ( 87.5%)         32
# metal4             0 (  0.0%)         3 (100.0%)          3
# metal5             0 (  0.0%)         1 (100.0%)          1
# metal6             0 (  0.0%)         1 (100.0%)          1
# metal7             1 (100.0%)         0 (  0.0%)          1
#-----------------------------------------------------------
#                   24 ( 42.1%)        33 ( 57.9%)         57 
#
#
#Start DRC checking..
#   number of violations = 0
#cpu time = 00:00:00, elapsed time = 00:00:00, memory = 920.34 (MB), peak = 960.12 (MB)
#CELL_VIEW FULLCHIP,init has no DRC violation.
#Total number of DRC violations = 0
#   number of violations = 0
#cpu time = 00:00:01, elapsed time = 00:00:01, memory = 920.34 (MB), peak = 960.12 (MB)
#CELL_VIEW FULLCHIP,init has no DRC violation.
#Total number of DRC violations = 0
#Post Route wire spread is done.
#-------------------------------------------------------------------------------
#
#	Shielding Summary
#-------------------------------------------------------------------------------
#Primary shielding net(s): pgnd 
#Opportunistic shielding net(s): dvdddgnd 
#
#Average ratio                   : 0.000
#-------------------------------------------------------------------------------
#Bottom shield layer (metal1) and above: 
#Average (BotShieldLayer) ratio  : 0.000
#-------------------------------------------------------------------------------
#No preferred routing layer range specified
#Total number of nets with non-default rule or having extra spacing = 3
#Total wire length = 7198 um.
#Total half perimeter of net bounding box = 6672 um.
#Total wire length on LAYER metal1 = 1687 um.
#Total wire length on LAYER metal2 = 1579 um.
#Total wire length on LAYER metal3 = 2767 um.
#Total wire length on LAYER metal4 = 934 um.
#Total wire length on LAYER metal5 = 141 um.
#Total wire length on LAYER metal6 = 46 um.
#Total wire length on LAYER metal7 = 6 um.
#Total wire length on LAYER metal8 = 37 um.
#Total number of vias = 59
#Total number of multi-cut vias = 33 ( 55.9%)
#Total number of single cut vias = 26 ( 44.1%)
#Up-Via Summary (total 59):
#                   single-cut          multi-cut      Total
#-----------------------------------------------------------
# metal1             8 (100.0%)         0 (  0.0%)          8
# metal2            13 (100.0%)         0 (  0.0%)         13
# metal3             4 ( 12.5%)        28 ( 87.5%)         32
# metal4             0 (  0.0%)         3 (100.0%)          3
# metal5             0 (  0.0%)         1 (100.0%)          1
# metal6             0 (  0.0%)         1 (100.0%)          1
# metal7             1 (100.0%)         0 (  0.0%)          1
#-----------------------------------------------------------
#                   26 ( 44.1%)        33 ( 55.9%)         59 
#
#detailRoute Statistics:
#Cpu time = 00:00:07
#Elapsed time = 00:00:07
#Increased memory = 4.42 (MB)
#Total memory = 906.46 (MB)
#Peak memory = 960.12 (MB)
#
#globalDetailRoute statistics:
#Cpu time = 00:00:08
#Elapsed time = 00:00:08
#Increased memory = 15.81 (MB)
#Total memory = 890.52 (MB)
#Peak memory = 960.12 (MB)
#Number of warnings = 23
#Total number of warnings = 75
#Number of fails = 0
#Total number of fails = 0
#Complete globalDetailRoute on Thu Jan 16 20:25:32 2025
#
% End globalDetailRoute (date=01/16 20:25:32, total cpu=0:00:08.4, real=0:00:08.0, peak res=960.1M, current mem=889.5M)
#routeDesign: cpu time = 00:00:09, elapsed time = 00:00:09, memory = 888.33 (MB), peak = 960.12 (MB)

*** Summary of all messages that are not suppressed in this session:
Severity  ID               Count  Summary                                  
WARNING   IMPEXT-6197          1  The Cap table file is not specified. Thi...
WARNING   IMPEXT-3530          1  The process node is not set. Use the com...
ERROR     IMPDC-634            1  Failed to build the timing graph since t...
*** Message Summary: 2 warning(s), 1 error(s)

#% End routeDesign (date=01/16 20:25:33, total cpu=0:00:08.6, real=0:00:09.0, peak res=960.1M, current mem=888.3M)
<CMD> saveIoFile -locations FULLCHIP.save.io
Dumping IO Instances of cell FULLCHIP
