###############################################################
#  Generated by:      Cadence Innovus 20.11-s130_1
#  OS:                Linux x86_64(Host ID fatima.novalocal)
#  Generated on:      Tue Jan  7 12:33:39 2025
#  Design:            counter4bit
#  Command:           checkDesign -all
###############################################################
Design: counter4bit

------ Design Summary:
Total Standard Cell Number   (cells) : 50
Total Block Cell Number      (cells) : 0
Total I/O Pad Cell Number    (cells) : 0
Total Standard Cell Area     ( um^2) : 422.40
Total Block Cell Area        ( um^2) : 0.00
Total I/O Pad Cell Area      ( um^2) : 0.00

------ Design Statistics:

Number of Instances            : 50
Number of Non-uniquified Insts : 38
Number of Nets                 : 31
Average number of Pins per Net : 3.10
Maximum number of Pins in Net  : 9

------ I/O Port summary

Number of Primary I/O Ports    : 8
Number of Input Ports          : 4
Number of Output Ports         : 4
Number of Bidirectional Ports  : 0
Number of Power/Ground Ports   : 0



------------------------------------------------------------
Detail report:


------ I/O Pad/Port Checking


