###############################################################
#  Generated by:      Cadence Innovus 20.11-s130_1
#  OS:                Linux x86_64(Host ID fatima.novalocal)
#  Generated on:      Fri Jan 10 12:40:54 2025
#  Design:            BATCHARGERcore
#  Command:           checkDesign -all
###############################################################
Design: BATCHARGERcore

------ Design Summary:
Total Standard Cell Number   (cells) : 0
Total Block Cell Number      (cells) : 4
Total I/O Pad Cell Number    (cells) : 0
Total Standard Cell Area     ( um^2) : 0.00
Total Block Cell Area        ( um^2) : 212665.92
Total I/O Pad Cell Area      ( um^2) : 0.00

------ Design Statistics:

Number of Instances            : 4
Number of Non-uniquified Insts : 0
Number of Nets                 : 132
Average number of Pins per Net : 1.55
Maximum number of Pins in Net  : 8

------ I/O Port summary

Number of Primary I/O Ports    : 9
Number of Input Ports          : 5
Number of Output Ports         : 1
Number of Bidirectional Ports  : 3
Number of Power/Ground Ports   : 0



------------------------------------------------------------
Detail report:


------ I/O Pad/Port Checking


