
Cadence Innovus(TM) Implementation System.
Copyright 2020 Cadence Design Systems, Inc. All rights reserved worldwide.

Version:	v20.11-s130_1, built Wed Aug 5 15:53:11 PDT 2020
Options:	
Date:		Tue Jan  7 10:03:24 2025
Host:		fatima.novalocal (x86_64 w/Linux 3.10.0-1160.99.1.el7.x86_64) (1core*4cpus*Intel(R) Xeon(R) CPU E5-2630 v3 @ 2.40GHz 16384KB)
OS:		CentOS Linux release 7.9.2009 (Core)

License:
		invs	Innovus Implementation System	20.1	checkout succeeded
		8 CPU jobs allowed with the current license(s). Use setMultiCpuUsage to set your required CPU count.
**WARN: (IMPOPT-801):	Genus executable not found in PATH. Install Genus, add the path to the genus executable in the PATH variable and rerun Innovus.
Change the soft stacksize limit to 0.2%RAM (31 mbytes). Set global soft_stack_size_limit to change the value.

**INFO:  MMMC transition support version v31-84 

<CMD> set_global _enable_mmmc_by_default_flow      $CTE::mmmc_default
<CMD> suppressMessage ENCEXT-2799
<CMD> win
<CMD> set ::TimeLib::tsgMarkCellLatchConstructFlag 1
<CMD> set conf_qxconf_file NULL
<CMD> set conf_qxlib_file NULL
<CMD> set defHierChar /
Set Default Input Pin Transition as 0.1 ps.
<CMD> set delaycal_input_transition_delay 0.1ps
<CMD> set distributed_client_message_echo 1
<CMD> set fpIsMaxIoHeight 0
<CMD> set gpsPrivate::dpgNewAddBufsDBUpdate 1
<CMD> set gpsPrivate::lsgEnableNewDbApiInRestruct 1
<CMD> set init_gnd_net dgnd
<CMD> set init_lef_file {../lef_libs/header8m2t_V55.lef ../lef_libs/fsc0h_d_generic_core.lef ../lef_libs/FSC0H_D_GENERIC_CORE_ANT_V55.lef}
<CMD> set init_mmmc_file counter4bit.view
<CMD> set init_oa_search_lib {}
<CMD> set init_pwr_net dvdd
<CMD> set init_verilog ../../SYNTHESIS/COUNTER4BIT/counter4bit_synth.v
<CMD> set pegDefaultResScaleFactor 1.000000
<CMD> set pegDetailResScaleFactor 1.000000
<CMD> set timing_library_float_precision_tol 0.000010
<CMD> set timing_library_load_pin_cap_indices {}
<CMD> set tso_post_client_restore_command {update_timing ; write_eco_opt_db ;}
<CMD> init_design
#% Begin Load MMMC data ... (date=01/07 10:05:39, mem=569.3M)
**ERROR: (TCLCMD-995):	Can not open file '../../SYNTHESIS/synthesis_libs/fsc0h_d_generic_core_ss1p08v125c.lib' for library set
<CMD> set init_lef_file {../lef_libs/FSC0H_D_GENERIC_CORE_ANT_V55.lef ../lef_libs/fsc0h_d_generic_core.lef ../lef_libs/header8m2t_V55.lef}
<CMD> init_design
% Begin Load MMMC data ... (date=01/07 10:06:57, mem=571.1M)
Extraction setup Started 
Extraction setup Started 
**ERROR: (TCLCMD-995):	Can not open file '../../SYNTHESIS/synthesis_libs/fsc0h_d_generic_core_ss1p08v125c.lib' for library set
<CMD> set init_lef_file {../lef_libs/FSC0H_D_GENERIC_CORE_ANT_V55.lef ../lef_libs/fsc0h_d_generic_core.lef ../lef_libs/header8m2t_V55.lef}
<CMD> init_design
% Begin Load MMMC data ... (date=01/07 10:08:16, mem=572.7M)
Extraction setup Started 
Extraction setup Started 
**ERROR: (TCLCMD-995):	Can not open file '../../SYNTHESIS/synthesis_libs/fsc0h_d_generic_core_ss1p08v125c.lib' for library set
<CMD> set init_lef_file {../lef_libs/FSC0H_D_GENERIC_CORE_ANT_V55.lef ../lef_libs/fsc0h_d_generic_core.lef ../lef_libs/header8m2t_V55.lef}
<CMD> init_design
% Begin Load MMMC data ... (date=01/07 10:18:34, mem=572.6M)
Extraction setup Started 
Extraction setup Started 
% End Load MMMC data ... (date=01/07 10:18:34, total cpu=0:00:00.1, real=0:00:00.0, peak res=572.7M, current mem=572.7M)
SS_RC FF_RC

Loading LEF file ../lef_libs/FSC0H_D_GENERIC_CORE_ANT_V55.lef ...
ERROR (LEFPARS-1508): TYPE statement is a required statement in a LAYER and it is not defined. Error in file ../lef_libs/FSC0H_D_GENERIC_CORE_ANT_V55.lef at line 11, on token metal1.
ERROR (LEFPARS-1508): TYPE statement is a required statement in a LAYER and it is not defined. Error in file ../lef_libs/FSC0H_D_GENERIC_CORE_ANT_V55.lef at line 17, on token metal2.
ERROR (LEFPARS-1508): TYPE statement is a required statement in a LAYER and it is not defined. Error in file ../lef_libs/FSC0H_D_GENERIC_CORE_ANT_V55.lef at line 23, on token metal3.
ERROR (LEFPARS-1508): TYPE statement is a required statement in a LAYER and it is not defined. Error in file ../lef_libs/FSC0H_D_GENERIC_CORE_ANT_V55.lef at line 29, on token metal4.
ERROR (LEFPARS-1508): TYPE statement is a required statement in a LAYER and it is not defined. Error in file ../lef_libs/FSC0H_D_GENERIC_CORE_ANT_V55.lef at line 35, on token metal5.
ERROR (LEFPARS-1508): TYPE statement is a required statement in a LAYER and it is not defined. Error in file ../lef_libs/FSC0H_D_GENERIC_CORE_ANT_V55.lef at line 41, on token metal6.
ERROR (LEFPARS-1508): TYPE statement is a required statement in a LAYER and it is not defined. Error in file ../lef_libs/FSC0H_D_GENERIC_CORE_ANT_V55.lef at line 47, on token metal7.
ERROR (LEFPARS-1508): TYPE statement is a required statement in a LAYER and it is not defined. Error in file ../lef_libs/FSC0H_D_GENERIC_CORE_ANT_V55.lef at line 53, on token metal8.
**ERROR: (IMPLF-3):	Error found when processing LEF file '../lef_libs/FSC0H_D_GENERIC_CORE_ANT_V55.lef'. The subsequent file content is ignored. Refer to error messages above for details. Fix the errors, and restart 'Innovus' again.
Type 'man IMPLF-3' for more detail.
**ERROR: (IMPLF-26):	No technology information is defined in the first LEF file.
Please rearrange the LEF file order and make sure the technology LEF file is the
first one, exit and restart Innovus.
**ERROR: (IMPLF-26):	No technology information is defined in the first LEF file.
Please rearrange the LEF file order and make sure the technology LEF file is the
first one, exit and restart Innovus.
**ERROR: (IMPSYT-16013):	Loading LEF file(s) failed, and has aborted. Refer to error messages above for details. Please exit the tools and fix the errors first, then re-load design again.
<CMD> set ::TimeLib::tsgMarkCellLatchConstructFlag 1
<CMD> set conf_qxconf_file NULL
<CMD> set conf_qxlib_file NULL
<CMD> set defHierChar /
Set Default Input Pin Transition as 0.1 ps.
<CMD> set delaycal_input_transition_delay 0.1ps
<CMD> set distributed_client_message_echo 1
<CMD> set fpIsMaxIoHeight 0
<CMD> set gpsPrivate::dpgNewAddBufsDBUpdate 1
<CMD> set gpsPrivate::lsgEnableNewDbApiInRestruct 1
<CMD> set init_gnd_net dgnd
<CMD> set init_lef_file {../lef_libs/header8m2t_V55.lef ../lef_libs/fsc0h_d_generic_core.lef ../lef_libs/FSC0H_D_GENERIC_CORE_ANT_V55.lef}
<CMD> set init_mmmc_file counter4bit.view
<CMD> set init_oa_search_lib {}
<CMD> set init_pwr_net dvdd
<CMD> set init_verilog ../../SYNTHESIS/COUNTER4BIT/counter4bit_synth.v
<CMD> set pegDefaultResScaleFactor 1.000000
<CMD> set pegDetailResScaleFactor 1.000000
<CMD> set timing_library_float_precision_tol 0.000010
<CMD> set timing_library_load_pin_cap_indices {}
<CMD> set tso_post_client_restore_command {update_timing ; write_eco_opt_db ;}
<CMD> init_design
% Begin Load MMMC data ... (date=01/07 10:19:32, mem=577.1M)
Extraction setup Started 
Extraction setup Started 
Extraction setup Started 
Extraction setup Started 
The existing analysis_view 'WC_AN' has been replaced with new attributes.
The existing analysis_view 'BC_AN' has been replaced with new attributes.
INFO: New setup and hold views overwrite old settings during design initialization
% End Load MMMC data ... (date=01/07 10:19:32, total cpu=0:00:00.0, real=0:00:00.0, peak res=577.2M, current mem=577.2M)
SS_RC FF_RC

Loading LEF file ../lef_libs/header8m2t_V55.lef ...

Loading LEF file ../lef_libs/fsc0h_d_generic_core.lef ...
WARNING (LEFPARS-2007): NAMESCASESENSITIVE statement is obsolete in version 5.6 and later.
The LEF parser will ignore this statement.
To avoid this warning in the future, remove this statement from the LEF file with version 5.6 or later. See file ../lef_libs/fsc0h_d_generic_core.lef at line 1.
Set DBUPerIGU to M2 pitch 400.
WARNING (LEFPARS-2001): No VERSION statement found, using the default value 5.8. See file ../lef_libs/fsc0h_d_generic_core.lef at line 41658.

Loading LEF file ../lef_libs/FSC0H_D_GENERIC_CORE_ANT_V55.lef ...
**WARN: (IMPLF-119):	LAYER 'metal1' has been found in the database. Its content except ANTENNA* data will be ignored.
Review the LEF files specified in the init_lef_file variable and remove redundant definitions.
Type 'man IMPLF-119' for more detail.
**WARN: (IMPLF-119):	LAYER 'metal2' has been found in the database. Its content except ANTENNA* data will be ignored.
Review the LEF files specified in the init_lef_file variable and remove redundant definitions.
Type 'man IMPLF-119' for more detail.
**WARN: (IMPLF-119):	LAYER 'metal3' has been found in the database. Its content except ANTENNA* data will be ignored.
Review the LEF files specified in the init_lef_file variable and remove redundant definitions.
Type 'man IMPLF-119' for more detail.
**WARN: (IMPLF-119):	LAYER 'metal4' has been found in the database. Its content except ANTENNA* data will be ignored.
Review the LEF files specified in the init_lef_file variable and remove redundant definitions.
Type 'man IMPLF-119' for more detail.
**WARN: (IMPLF-119):	LAYER 'metal5' has been found in the database. Its content except ANTENNA* data will be ignored.
Review the LEF files specified in the init_lef_file variable and remove redundant definitions.
Type 'man IMPLF-119' for more detail.
**WARN: (IMPLF-119):	LAYER 'metal6' has been found in the database. Its content except ANTENNA* data will be ignored.
Review the LEF files specified in the init_lef_file variable and remove redundant definitions.
Type 'man IMPLF-119' for more detail.
**WARN: (IMPLF-119):	LAYER 'metal7' has been found in the database. Its content except ANTENNA* data will be ignored.
Review the LEF files specified in the init_lef_file variable and remove redundant definitions.
Type 'man IMPLF-119' for more detail.
**WARN: (IMPLF-119):	LAYER 'metal8' has been found in the database. Its content except ANTENNA* data will be ignored.
Review the LEF files specified in the init_lef_file variable and remove redundant definitions.
Type 'man IMPLF-119' for more detail.
**WARN: (IMPLF-58):	MACRO 'AN2B1CHD' has been found in the database. Its content except DENSITY and PIN ANTENNA* data, and certain properties, will be ignored.
Review the LEF files specified in the init_lef_file variable and remove redundant definitions.
Type 'man IMPLF-58' for more detail.
**WARN: (IMPLF-58):	MACRO 'AN2B1EHD' has been found in the database. Its content except DENSITY and PIN ANTENNA* data, and certain properties, will be ignored.
Review the LEF files specified in the init_lef_file variable and remove redundant definitions.
Type 'man IMPLF-58' for more detail.
**WARN: (IMPLF-58):	MACRO 'AN2B1HHD' has been found in the database. Its content except DENSITY and PIN ANTENNA* data, and certain properties, will be ignored.
Review the LEF files specified in the init_lef_file variable and remove redundant definitions.
Type 'man IMPLF-58' for more detail.
**WARN: (IMPLF-58):	MACRO 'AN2B1KHD' has been found in the database. Its content except DENSITY and PIN ANTENNA* data, and certain properties, will be ignored.
Review the LEF files specified in the init_lef_file variable and remove redundant definitions.
Type 'man IMPLF-58' for more detail.
**WARN: (IMPLF-58):	MACRO 'AN2CHD' has been found in the database. Its content except DENSITY and PIN ANTENNA* data, and certain properties, will be ignored.
Review the LEF files specified in the init_lef_file variable and remove redundant definitions.
Type 'man IMPLF-58' for more detail.
**WARN: (IMPLF-58):	MACRO 'AN2EHD' has been found in the database. Its content except DENSITY and PIN ANTENNA* data, and certain properties, will be ignored.
Review the LEF files specified in the init_lef_file variable and remove redundant definitions.
Type 'man IMPLF-58' for more detail.
**WARN: (IMPLF-58):	MACRO 'AN2HHD' has been found in the database. Its content except DENSITY and PIN ANTENNA* data, and certain properties, will be ignored.
Review the LEF files specified in the init_lef_file variable and remove redundant definitions.
Type 'man IMPLF-58' for more detail.
**WARN: (IMPLF-58):	MACRO 'AN2KHD' has been found in the database. Its content except DENSITY and PIN ANTENNA* data, and certain properties, will be ignored.
Review the LEF files specified in the init_lef_file variable and remove redundant definitions.
Type 'man IMPLF-58' for more detail.
**WARN: (IMPLF-58):	MACRO 'AN3B1CHD' has been found in the database. Its content except DENSITY and PIN ANTENNA* data, and certain properties, will be ignored.
Review the LEF files specified in the init_lef_file variable and remove redundant definitions.
Type 'man IMPLF-58' for more detail.
**WARN: (IMPLF-58):	MACRO 'AN3B1EHD' has been found in the database. Its content except DENSITY and PIN ANTENNA* data, and certain properties, will be ignored.
Review the LEF files specified in the init_lef_file variable and remove redundant definitions.
Type 'man IMPLF-58' for more detail.
**WARN: (IMPLF-58):	MACRO 'AN3B1HHD' has been found in the database. Its content except DENSITY and PIN ANTENNA* data, and certain properties, will be ignored.
Review the LEF files specified in the init_lef_file variable and remove redundant definitions.
Type 'man IMPLF-58' for more detail.
**WARN: (IMPLF-58):	MACRO 'AN3B2BHD' has been found in the database. Its content except DENSITY and PIN ANTENNA* data, and certain properties, will be ignored.
Review the LEF files specified in the init_lef_file variable and remove redundant definitions.
Type 'man IMPLF-58' for more detail.
**WARN: (IMPLF-58):	MACRO 'AN3B2EHD' has been found in the database. Its content except DENSITY and PIN ANTENNA* data, and certain properties, will be ignored.
Review the LEF files specified in the init_lef_file variable and remove redundant definitions.
Type 'man IMPLF-58' for more detail.
**WARN: (IMPLF-58):	MACRO 'AN3B2HHD' has been found in the database. Its content except DENSITY and PIN ANTENNA* data, and certain properties, will be ignored.
Review the LEF files specified in the init_lef_file variable and remove redundant definitions.
Type 'man IMPLF-58' for more detail.
**WARN: (IMPLF-58):	MACRO 'AN3CHD' has been found in the database. Its content except DENSITY and PIN ANTENNA* data, and certain properties, will be ignored.
Review the LEF files specified in the init_lef_file variable and remove redundant definitions.
Type 'man IMPLF-58' for more detail.
**WARN: (IMPLF-58):	MACRO 'AN3EHD' has been found in the database. Its content except DENSITY and PIN ANTENNA* data, and certain properties, will be ignored.
Review the LEF files specified in the init_lef_file variable and remove redundant definitions.
Type 'man IMPLF-58' for more detail.
**WARN: (IMPLF-58):	MACRO 'AN3HHD' has been found in the database. Its content except DENSITY and PIN ANTENNA* data, and certain properties, will be ignored.
Review the LEF files specified in the init_lef_file variable and remove redundant definitions.
Type 'man IMPLF-58' for more detail.
**WARN: (IMPLF-58):	MACRO 'AN4B1BHD' has been found in the database. Its content except DENSITY and PIN ANTENNA* data, and certain properties, will be ignored.
Review the LEF files specified in the init_lef_file variable and remove redundant definitions.
Type 'man IMPLF-58' for more detail.
**WARN: (IMPLF-58):	MACRO 'AN4B1EHD' has been found in the database. Its content except DENSITY and PIN ANTENNA* data, and certain properties, will be ignored.
Review the LEF files specified in the init_lef_file variable and remove redundant definitions.
Type 'man IMPLF-58' for more detail.
**WARN: (IMPLF-58):	MACRO 'AN4B1HHD' has been found in the database. Its content except DENSITY and PIN ANTENNA* data, and certain properties, will be ignored.
Review the LEF files specified in the init_lef_file variable and remove redundant definitions.
Type 'man IMPLF-58' for more detail.
**WARN: (EMS-27):	Message (IMPLF-58) has exceeded the current message display limit of 20.
To increase the message display limit, refer to the product command reference manual.
WARNING (LEFPARS-2003): BUSBITCHARS is a required statement on LEF file with version 5.5 and earlier.
Without BUSBITCHARS defined, the LEF file is technically incorrect.
Refer the LEF/DEF 5.5 or earlier Language Referece manual on how to define this statement. See file ../lef_libs/FSC0H_D_GENERIC_CORE_ANT_V55.lef at line 17898.
WARNING (LEFPARS-2004): DIVIDERCHAR is a required statementon LEF file with version 5.5 and earlier.
Without DIVIDECHAR defined, the LEF file is technically incorrect.
Refer the LEF/DEF 5.5 or earlier Language Referece manual on how to define this statement. See file ../lef_libs/FSC0H_D_GENERIC_CORE_ANT_V55.lef at line 17898.
**WARN: (IMPLF-61):	407 duplicated MACRO definitions have been found in the LEF file(s). Their content except DENSITY and PIN ANTENNA* data, and certain properties, have been ignored.
Review the LEF files specified in the init_lef_file variable and remove redundant definitions.
Type 'man IMPLF-61' for more detail.
**WARN: (IMPLF-200):	Pin 'A' in macro 'ANTHD' has no ANTENNAGATEAREA value defined. The library data is incomplete and some process antenna rules will not be checked correctly.
Type 'man IMPLF-200' for more detail.

viaInitial starts at Tue Jan  7 10:19:33 2025
viaInitial ends at Tue Jan  7 10:19:33 2025

##  Check design process and node:  
##  Both design process and tech node are not set.

Loading view definition file from counter4bit.view
Reading SS_LIB timing library '/afs/.ist.utl.pt/users/9/7/ist1112497/DIGITAL/SYNTHESIS/synthesis_libs/fsc0h_d_generic_core_ss1p08v125c.lib' ...
**WARN: (TECHLIB-302):	No function defined for cell 'ANTHD'. The cell will only be used for analysis. (File /afs/.ist.utl.pt/users/9/7/ist1112497/DIGITAL/SYNTHESIS/synthesis_libs/fsc0h_d_generic_core_ss1p08v125c.lib)
Read 407 cells in library 'fsc0h_d_generic_core_ss1p08v125c' 
Reading FF_LIB timing library '/afs/.ist.utl.pt/users/9/7/ist1112497/DIGITAL/SYNTHESIS/synthesis_libs/fsc0h_d_generic_core_ff1p32vm40c.lib' ...
**WARN: (TECHLIB-302):	No function defined for cell 'ANTHD'. The cell will only be used for analysis. (File /afs/.ist.utl.pt/users/9/7/ist1112497/DIGITAL/SYNTHESIS/synthesis_libs/fsc0h_d_generic_core_ff1p32vm40c.lib)
Read 407 cells in library 'fsc0h_d_generic_core_ff1p32vm40c' 
*** End library_loading (cpu=0.09min, real=0.08min, mem=19.0M, fe_cpu=2.94min, fe_real=16.23min, fe_mem=782.6M) ***
% Begin Load netlist data ... (date=01/07 10:19:38, mem=598.2M)
*** Begin netlist parsing (mem=782.6M) ***
**WARN: (IMPVL-159):	Pin 'GND' of cell 'XOR4EHD' is defined in LEF but not in the timing library.
Type 'man IMPVL-159' for more detail.
**WARN: (IMPVL-159):	Pin 'VCC' of cell 'XOR4EHD' is defined in LEF but not in the timing library.
Type 'man IMPVL-159' for more detail.
**WARN: (IMPVL-159):	Pin 'GND' of cell 'XOR3EHD' is defined in LEF but not in the timing library.
Type 'man IMPVL-159' for more detail.
**WARN: (IMPVL-159):	Pin 'VCC' of cell 'XOR3EHD' is defined in LEF but not in the timing library.
Type 'man IMPVL-159' for more detail.
**WARN: (IMPVL-159):	Pin 'GND' of cell 'XOR3CHD' is defined in LEF but not in the timing library.
Type 'man IMPVL-159' for more detail.
**WARN: (IMPVL-159):	Pin 'VCC' of cell 'XOR3CHD' is defined in LEF but not in the timing library.
Type 'man IMPVL-159' for more detail.
**WARN: (IMPVL-159):	Pin 'GND' of cell 'XOR2KHD' is defined in LEF but not in the timing library.
Type 'man IMPVL-159' for more detail.
**WARN: (IMPVL-159):	Pin 'VCC' of cell 'XOR2KHD' is defined in LEF but not in the timing library.
Type 'man IMPVL-159' for more detail.
**WARN: (IMPVL-159):	Pin 'GND' of cell 'XOR2HHD' is defined in LEF but not in the timing library.
Type 'man IMPVL-159' for more detail.
**WARN: (IMPVL-159):	Pin 'VCC' of cell 'XOR2HHD' is defined in LEF but not in the timing library.
Type 'man IMPVL-159' for more detail.
**WARN: (IMPVL-159):	Pin 'GND' of cell 'XOR2EHD' is defined in LEF but not in the timing library.
Type 'man IMPVL-159' for more detail.
**WARN: (IMPVL-159):	Pin 'VCC' of cell 'XOR2EHD' is defined in LEF but not in the timing library.
Type 'man IMPVL-159' for more detail.
**WARN: (IMPVL-159):	Pin 'GND' of cell 'XOR2CHD' is defined in LEF but not in the timing library.
Type 'man IMPVL-159' for more detail.
**WARN: (IMPVL-159):	Pin 'VCC' of cell 'XOR2CHD' is defined in LEF but not in the timing library.
Type 'man IMPVL-159' for more detail.
**WARN: (IMPVL-159):	Pin 'GND' of cell 'XNR4EHD' is defined in LEF but not in the timing library.
Type 'man IMPVL-159' for more detail.
**WARN: (IMPVL-159):	Pin 'VCC' of cell 'XNR4EHD' is defined in LEF but not in the timing library.
Type 'man IMPVL-159' for more detail.
**WARN: (IMPVL-159):	Pin 'GND' of cell 'XNR3EHD' is defined in LEF but not in the timing library.
Type 'man IMPVL-159' for more detail.
**WARN: (IMPVL-159):	Pin 'VCC' of cell 'XNR3EHD' is defined in LEF but not in the timing library.
Type 'man IMPVL-159' for more detail.
**WARN: (IMPVL-159):	Pin 'GND' of cell 'XNR3CHD' is defined in LEF but not in the timing library.
Type 'man IMPVL-159' for more detail.
**WARN: (IMPVL-159):	Pin 'VCC' of cell 'XNR3CHD' is defined in LEF but not in the timing library.
Type 'man IMPVL-159' for more detail.
**WARN: (EMS-27):	Message (IMPVL-159) has exceeded the current message display limit of 20.
To increase the message display limit, refer to the product command reference manual.
Created 407 new cells from 2 timing libraries.
Reading netlist ...
Backslashed names will retain backslash and a trailing blank character.
Reading verilog netlist '../../SYNTHESIS/COUNTER4BIT/counter4bit_synth.v'

*** Memory Usage v#2 (Current mem = 782.598M, initial mem = 280.281M) ***
*** End netlist parsing (cpu=0:00:00.0, real=0:00:00.0, mem=782.6M) ***
% End Load netlist data ... (date=01/07 10:19:38, total cpu=0:00:00.0, real=0:00:00.0, peak res=607.2M, current mem=607.2M)
Top level cell is counter4bit.
Hooked 814 DB cells to tlib cells.
Starting recursive module instantiation check.
No recursion found.
Building hierarchical netlist for Cell counter4bit ...
*** Netlist is unique.
** info: there are 823 modules.
** info: there are 25 stdCell insts.

*** Memory Usage v#2 (Current mem = 836.023M, initial mem = 280.281M) ***
**WARN: (IMPFP-3961):	The techSite 'iocore_d' has no related standard cells in LEF/OA library. Cannot make calculations for this site type unless standard cell models of this type exist in the LEF/OA library. If the SITE is not used by the library you can ignore this warning or remove the SITE definition from the LEF/OA to avoid this message.
Type 'man IMPFP-3961' for more detail.
**WARN: (IMPFP-3961):	The techSite 'iocore_c' has no related standard cells in LEF/OA library. Cannot make calculations for this site type unless standard cell models of this type exist in the LEF/OA library. If the SITE is not used by the library you can ignore this warning or remove the SITE definition from the LEF/OA to avoid this message.
Type 'man IMPFP-3961' for more detail.
**WARN: (IMPFP-3961):	The techSite 'corner_ab' has no related standard cells in LEF/OA library. Cannot make calculations for this site type unless standard cell models of this type exist in the LEF/OA library. If the SITE is not used by the library you can ignore this warning or remove the SITE definition from the LEF/OA to avoid this message.
Type 'man IMPFP-3961' for more detail.
**WARN: (IMPFP-3961):	The techSite 'corner_b' has no related standard cells in LEF/OA library. Cannot make calculations for this site type unless standard cell models of this type exist in the LEF/OA library. If the SITE is not used by the library you can ignore this warning or remove the SITE definition from the LEF/OA to avoid this message.
Type 'man IMPFP-3961' for more detail.
**WARN: (IMPFP-3961):	The techSite 'corner_a' has no related standard cells in LEF/OA library. Cannot make calculations for this site type unless standard cell models of this type exist in the LEF/OA library. If the SITE is not used by the library you can ignore this warning or remove the SITE definition from the LEF/OA to avoid this message.
Type 'man IMPFP-3961' for more detail.
**WARN: (IMPFP-3961):	The techSite 'iocore_o' has no related standard cells in LEF/OA library. Cannot make calculations for this site type unless standard cell models of this type exist in the LEF/OA library. If the SITE is not used by the library you can ignore this warning or remove the SITE definition from the LEF/OA to avoid this message.
Type 'man IMPFP-3961' for more detail.
**WARN: (IMPFP-3961):	The techSite 'iocore_n' has no related standard cells in LEF/OA library. Cannot make calculations for this site type unless standard cell models of this type exist in the LEF/OA library. If the SITE is not used by the library you can ignore this warning or remove the SITE definition from the LEF/OA to avoid this message.
Type 'man IMPFP-3961' for more detail.
**WARN: (IMPFP-3961):	The techSite 'iocore_k' has no related standard cells in LEF/OA library. Cannot make calculations for this site type unless standard cell models of this type exist in the LEF/OA library. If the SITE is not used by the library you can ignore this warning or remove the SITE definition from the LEF/OA to avoid this message.
Type 'man IMPFP-3961' for more detail.
**WARN: (IMPFP-3961):	The techSite 'iocore_bs' has no related standard cells in LEF/OA library. Cannot make calculations for this site type unless standard cell models of this type exist in the LEF/OA library. If the SITE is not used by the library you can ignore this warning or remove the SITE definition from the LEF/OA to avoid this message.
Type 'man IMPFP-3961' for more detail.
**WARN: (IMPFP-3961):	The techSite 'iocore_as' has no related standard cells in LEF/OA library. Cannot make calculations for this site type unless standard cell models of this type exist in the LEF/OA library. If the SITE is not used by the library you can ignore this warning or remove the SITE definition from the LEF/OA to avoid this message.
Type 'man IMPFP-3961' for more detail.
**WARN: (IMPFP-3961):	The techSite 'iocore_b' has no related standard cells in LEF/OA library. Cannot make calculations for this site type unless standard cell models of this type exist in the LEF/OA library. If the SITE is not used by the library you can ignore this warning or remove the SITE definition from the LEF/OA to avoid this message.
Type 'man IMPFP-3961' for more detail.
**WARN: (IMPFP-3961):	The techSite 'iocore_a' has no related standard cells in LEF/OA library. Cannot make calculations for this site type unless standard cell models of this type exist in the LEF/OA library. If the SITE is not used by the library you can ignore this warning or remove the SITE definition from the LEF/OA to avoid this message.
Type 'man IMPFP-3961' for more detail.
**WARN: (IMPFP-3961):	The techSite 'corega_3200' has no related standard cells in LEF/OA library. Cannot make calculations for this site type unless standard cell models of this type exist in the LEF/OA library. If the SITE is not used by the library you can ignore this warning or remove the SITE definition from the LEF/OA to avoid this message.
Type 'man IMPFP-3961' for more detail.
**WARN: (IMPFP-3961):	The techSite 'core_2800' has no related standard cells in LEF/OA library. Cannot make calculations for this site type unless standard cell models of this type exist in the LEF/OA library. If the SITE is not used by the library you can ignore this warning or remove the SITE definition from the LEF/OA to avoid this message.
Type 'man IMPFP-3961' for more detail.
**WARN: (IMPFP-3961):	The techSite 'core_3200' has no related standard cells in LEF/OA library. Cannot make calculations for this site type unless standard cell models of this type exist in the LEF/OA library. If the SITE is not used by the library you can ignore this warning or remove the SITE definition from the LEF/OA to avoid this message.
Type 'man IMPFP-3961' for more detail.
Set Default Net Delay as 1000 ps.
Set Default Net Load as 0.5 pF. 
Set Default Input Pin Transition as 0.1 ps.
Extraction setup Started 
Initializing multi-corner RC extraction with 2 active RC Corners ...
Reading Capacitance Table File captable.cap ...
Cap table was created using Encounter 14.26-s039_1.
Process name: MIXED_MODE_RFCMOS13_1P8M2T_MMC_FSG_TOP_METAL20K_L130E.
**WARN: (IMPEXT-2760):	Layer M9 specified in the cap table is ignored because it is greater than the maximum number of layers, 8, specified in the technology LEF file. Check the cap table for the invalid layer specification.
**WARN: (IMPEXT-2771):	Via ALVIA specified in the cap table is ignored because its top layer, M9, is greater than the maximum number of layers, 8, specified in the technology LEF file. Check the cap table for the invalid layer specification.
Allocated an empty WireEdgeEnlargement table in SS_RC [7].
Allocated an empty WireEdgeEnlargement table in SS_RC [8].
**WARN: (IMPEXT-2710):	Basic Cap table for layer M9 is ignored because the layer is not specified in the technology LEF file.
Reading Capacitance Table File captable.cap ...
Cap table was created using Encounter 14.26-s039_1.
Process name: MIXED_MODE_RFCMOS13_1P8M2T_MMC_FSG_TOP_METAL20K_L130E.
**WARN: (IMPEXT-2760):	Layer M9 specified in the cap table is ignored because it is greater than the maximum number of layers, 8, specified in the technology LEF file. Check the cap table for the invalid layer specification.
**WARN: (IMPEXT-2771):	Via ALVIA specified in the cap table is ignored because its top layer, M9, is greater than the maximum number of layers, 8, specified in the technology LEF file. Check the cap table for the invalid layer specification.
Allocated an empty WireEdgeEnlargement table in FF_RC [7].
Allocated an empty WireEdgeEnlargement table in FF_RC [8].
**WARN: (IMPEXT-2710):	Basic Cap table for layer M9 is ignored because the layer is not specified in the technology LEF file.
Importing multi-corner RC tables ... 
Summary of Active RC-Corners : 
 
 Analysis View: WC_AN
    RC-Corner Name        : SS_RC
    RC-Corner Index       : 0
    RC-Corner Temperature : 125 Celsius
    RC-Corner Cap Table   : 'captable.cap'
    RC-Corner PreRoute Res Factor         : 1.1
    RC-Corner PreRoute Cap Factor         : 1.1
    RC-Corner PostRoute Res Factor        : 1.1 {1.1 1 1}
    RC-Corner PostRoute Cap Factor        : 1.1 {1.1 1 1}
    RC-Corner PostRoute XCap Factor       : 1.1 {1.1 1 1}
    RC-Corner PreRoute Clock Res Factor   : 1.1
    RC-Corner PreRoute Clock Cap Factor   : 1.1
    RC-Corner PostRoute Clock Cap Factor  : 1.1 {1.1 1 1} 
    RC-Corner PostRoute Clock Res Factor  : 1.1 {1.1 1 1} 
 
 Analysis View: BC_AN
    RC-Corner Name        : FF_RC
    RC-Corner Index       : 1
    RC-Corner Temperature : -40 Celsius
    RC-Corner Cap Table   : 'captable.cap'
    RC-Corner PreRoute Res Factor         : 0.9
    RC-Corner PreRoute Cap Factor         : 0.9
    RC-Corner PostRoute Res Factor        : 0.9 {0.9 1 1}
    RC-Corner PostRoute Cap Factor        : 0.9 {0.9 1 1}
    RC-Corner PostRoute XCap Factor       : 0.9 {0.9 1 1}
    RC-Corner PreRoute Clock Res Factor   : 0.9
    RC-Corner PreRoute Clock Cap Factor   : 0.9
    RC-Corner PostRoute Clock Cap Factor  : 0.9 {0.9 1 1} 
    RC-Corner PostRoute Clock Res Factor  : 0.9 {0.9 1 1} 
Updating RC grid for preRoute extraction ...
Initializing multi-corner capacitance tables ... 
Initializing multi-corner resistance tables ...
*Info: initialize multi-corner CTS.
Reading timing constraints file '../../SYNTHESIS/COUNTER4BIT/counter4bit_synth.sdc' ...
Current (total cpu=0:02:58, real=0:16:17, peak res=865.2M, current mem=865.2M)
**WARN: (TCLCMD-1461):	Skipped unsupported command: set_units (File ../../SYNTHESIS/COUNTER4BIT/counter4bit_synth.sdc, Line 9).

**WARN: (TCLCMD-1461):	Skipped unsupported command: set_units (File ../../SYNTHESIS/COUNTER4BIT/counter4bit_synth.sdc, Line 10).

INFO (CTE): Reading of timing constraints file ../../SYNTHESIS/COUNTER4BIT/counter4bit_synth.sdc completed, with 2 WARNING
Ending "Constraint file reading stats" (total cpu=0:00:00.1, real=0:00:00.0, peak res=874.2M, current mem=874.2M)
Current (total cpu=0:02:59, real=0:16:17, peak res=874.2M, current mem=874.2M)
Reading timing constraints file '../../SYNTHESIS/COUNTER4BIT/counter4bit_synth.sdc' ...
Current (total cpu=0:02:59, real=0:16:17, peak res=874.2M, current mem=874.2M)
**WARN: (TCLCMD-1461):	Skipped unsupported command: set_units (File ../../SYNTHESIS/COUNTER4BIT/counter4bit_synth.sdc, Line 9).

**WARN: (TCLCMD-1461):	Skipped unsupported command: set_units (File ../../SYNTHESIS/COUNTER4BIT/counter4bit_synth.sdc, Line 10).

INFO (CTE): Reading of timing constraints file ../../SYNTHESIS/COUNTER4BIT/counter4bit_synth.sdc completed, with 2 WARNING
Ending "Constraint file reading stats" (total cpu=0:00:00.1, real=0:00:00.0, peak res=874.5M, current mem=874.5M)
Current (total cpu=0:02:59, real=0:16:17, peak res=874.5M, current mem=874.5M)
Total number of combinational cells: 276
Total number of sequential cells: 118
Total number of tristate cells: 13
Total number of level shifter cells: 0
Total number of power gating cells: 0
Total number of isolation cells: 0
Total number of power switch cells: 0
Total number of pulse generator cells: 0
Total number of always on buffers: 0
Total number of retention cells: 0
List of usable buffers: BUFCKEHD BUFCHD BUFCKHHD BUFCKGHD BUFCKIHD BUFCKJHD BUFCKLHD BUFCKKHD BUFCKMHD BUFCKNHD BUFCKQHD BUFEHD BUFDHD BUFHHD BUFGHD BUFIHD BUFJHD BUFKHD BUFLHD BUFMHD BUFNHD BUFQHD
Total number of usable buffers: 22
List of unusable buffers:
Total number of unusable buffers: 0
List of usable inverters: INVCKDHD INVCHD INVCKGHD INVCKHHD INVCKIHD INVCKJHD INVCKKHD INVCKLHD INVCKMHD INVCKNHD INVCKQHD INVDHD INVGHD INVHHD INVJHD INVIHD INVKHD INVLHD INVMHD INVNHD INVQHD
Total number of usable inverters: 21
List of unusable inverters:
Total number of unusable inverters: 0
List of identified usable delay cells: DELAKHD DELBKHD DELDKHD DELCKHD
Total number of identified usable delay cells: 4
List of identified unusable delay cells:
Total number of identified unusable delay cells: 0
<CMD> getIoFlowFlag

--------------------------------------------------------------------------------
Exiting Innovus on Tue Jan  7 10:20:40 2025
  Total CPU time:     0:03:03
  Total real time:    0:17:17
  Peak memory (main): 914.74MB


*** Memory Usage v#2 (Current mem = 1105.477M, initial mem = 280.281M) ***
*** Message Summary: 1259 warning(s), 7 error(s)

--- Ending "Innovus" (totcpu=0:03:02, real=0:17:16, mem=1105.5M) ---
